partie 1
poids
4
15
18
30
5
13
podium
1
4
5
partie 2
poids
1
3
8
29
26
13
podium
1
2
6
partie 3
poids
4
3
12
14
18
26
podium
4
2
1
partie 4
poids
5
1
18
14
6
26
podium
2
5
4
partie 5
poids
4
27
6
4
21
7
podium
4
3
6
partie 6
poids
2
4
22
7
19
13
podium
1
2
3
partie 7
poids
30
4
12
3
13
16
podium
2
4
5
partie 8
poids
9
2
25
1
30
14
podium
2
3
5
partie 9
poids
8
17
12
3
2
27
podium
4
5
1
partie 10
poids
4
27
12
5
21
12
podium
3
1
4
partie 11
poids
2
6
12
3
21
19
podium
1
2
4
partie 12
poids
23
4
3
8
28
8
podium
5
4
3
partie 13
poids
22
6
5
10
27
2
podium
5
1
6
partie 14
poids
16
15
1
7
30
3
podium
3
4
6
partie 15
poids
9
7
1
3
18
27
podium
3
4
6
partie 16
poids
2
4
20
9
12
16
podium
1
2
3
partie 17
poids
8
18
19
3
14
5
podium
4
1
3
partie 18
poids
9
1
13
3
29
19
podium
2
6
4
partie 19
poids
29
18
2
10
6
1
podium
6
3
5
partie 20
poids
4
15
10
4
29
30
podium
4
2
1
partie 21
poids
25
2
2
15
9
26
podium
2
3
4
partie 22
poids
14
3
2
14
27
22
podium
3
2
1
partie 23
poids
26
2
12
3
9
21
podium
2
3
5
partie 24
poids
23
30
3
15
8
4
podium
3
5
4
partie 25
poids
19
5
15
4
8
16
podium
5
2
1
partie 26
poids
8
2
12
21
27
3
podium
5
2
6
partie 27
poids
7
15
20
24
5
2
podium
5
6
1
partie 28
poids
29
4
23
12
1
7
podium
3
5
4
partie 29
poids
9
28
17
2
4
15
podium
5
4
2
partie 30
poids
5
3
19
23
10
14
podium
1
3
2
partie 31
poids
6
6
1
3
30
20
podium
4
3
2
partie 32
poids
2
13
26
12
22
1
podium
1
6
3
partie 33
poids
1
23
7
12
29
5
podium
3
1
4
partie 34
poids
23
9
1
18
9
2
podium
6
3
2
partie 35
poids
8
3
3
7
30
17
podium
6
3
1
partie 36
poids
1
13
30
29
2
15
podium
5
1
3
partie 37
poids
29
14
18
1
8
4
podium
1
4
6
partie 38
poids
3
12
17
3
28
9
podium
4
1
6
partie 39
poids
17
2
26
4
7
9
podium
2
4
6
partie 40
poids
1
8
24
10
5
30
podium
1
2
4
partie 41
poids
2
17
4
13
24
8
podium
1
4
3
partie 42
poids
21
18
7
1
7
3
podium
4
3
6
partie 43
poids
3
24
30
12
1
15
podium
5
1
6
partie 44
poids
17
1
4
12
30
8
podium
2
3
5
partie 45
poids
5
8
1
30
28
9
podium
3
2
1
partie 46
poids
25
4
5
14
21
7
podium
3
2
6
partie 47
poids
26
20
10
4
9
2
podium
3
6
4
partie 48
poids
5
13
15
29
17
5
podium
6
1
5
partie 49
poids
26
1
5
27
13
8
podium
3
1
2
partie 50
poids
2
5
17
27
9
14
podium
1
2
5
partie 51
poids
9
15
27
24
4
2
podium
6
5
2
partie 52
poids
4
7
27
22
13
3
podium
1
5
6
partie 53
poids
3
12
12
30
24
5
podium
1
5
2
partie 54
poids
30
10
4
1
29
14
podium
4
3
6
partie 55
poids
26
2
2
7
8
19
podium
2
4
3
partie 56
poids
19
30
13
1
13
2
podium
4
3
6
partie 57
poids
23
4
28
9
1
15
podium
1
5
2
partie 58
poids
12
5
30
21
14
1
podium
6
3
2
partie 59
poids
28
1
7
23
1
8
podium
5
2
3
partie 60
poids
21
18
12
15
4
4
podium
4
5
2
partie 61
poids
30
20
3
12
10
5
podium
6
3
2
partie 62
poids
4
30
2
8
10
25
podium
3
1
5
partie 63
poids
2
21
6
29
7
4
podium
1
5
4
partie 64
poids
19
8
5
13
2
29
podium
5
6
3
partie 65
poids
4
29
13
14
17
2
podium
6
2
1
partie 66
poids
27
10
26
7
2
4
podium
5
4
1
partie 67
poids
4
28
16
8
6
4
podium
1
6
4
partie 68
poids
26
12
16
1
2
14
podium
4
6
5
partie 69
poids
12
4
3
30
9
21
podium
2
1
4
partie 70
poids
2
10
20
7
25
4
podium
6
3
1
partie 71
poids
21
13
3
7
1
23
podium
5
4
3
partie 72
poids
6
1
3
12
25
17
podium
2
3
5
partie 73
poids
2
12
3
13
21
26
podium
1
3
2
partie 74
poids
2
23
22
14
3
10
podium
5
1
2
partie 75
poids
6
1
30
5
21
8
podium
5
4
2
partie 76
poids
15
6
30
19
4
5
podium
6
5
2
partie 77
poids
2
2
13
14
21
22
podium
1
4
3
partie 78
poids
13
13
2
30
3
22
podium
5
3
6
partie 79
poids
19
4
20
14
8
1
podium
6
5
4
partie 80
poids
1
8
26
9
24
5
podium
6
1
4
partie 81
poids
9
2
24
19
6
4
podium
6
2
1
partie 82
poids
13
23
2
29
2
8
podium
6
5
3
partie 83
poids
1
19
10
30
12
1
podium
6
1
2
partie 84
poids
30
8
1
8
1
17
podium
2
4
5
partie 85
poids
1
8
3
21
7
30
podium
1
5
3
partie 86
poids
8
13
27
26
2
5
podium
6
5
2
partie 87
poids
26
8
1
8
2
17
podium
3
4
5
partie 88
poids
8
27
3
12
2
17
podium
5
3
4
partie 89
poids
4
6
25
10
27
2
podium
6
4
5
partie 90
poids
14
21
3
2
15
30
podium
4
3
5
partie 91
poids
12
4
30
24
3
15
podium
5
2
6
partie 92
poids
24
1
9
26
15
3
podium
2
6
3
partie 93
poids
6
10
2
30
20
4
podium
6
3
4
partie 94
poids
16
9
24
12
2
2
podium
5
6
3
partie 95
poids
26
10
2
2
10
25
podium
3
4
1
partie 96
poids
15
2
3
21
7
27
podium
1
2
3
partie 97
poids
4
5
13
18
27
8
podium
6
2
1
partie 98
poids
27
14
6
4
28
1
podium
4
6
3
partie 99
poids
3
15
28
15
16
5
podium
6
5
1
partie 100
poids
18
2
2
26
9
15
podium
6
5
2
partie 101
poids
10
4
14
29
24
3
podium
2
6
3
partie 102
poids
3
23
3
9
27
12
podium
5
1
2
partie 103
poids
9
14
28
1
19
2
podium
5
4
6
partie 104
poids
9
4
8
2
16
20
podium
4
3
1
partie 105
poids
23
30
9
2
15
1
podium
6
4
3
partie 106
poids
30
8
1
14
17
3
podium
2
3
4
partie 107
poids
10
10
25
4
30
5
podium
5
4
2
partie 108
poids
24
3
13
13
19
3
podium
5
6
2
partie 109
poids
2
20
5
12
30
7
podium
1
2
6
partie 110
poids
15
17
13
1
22
1
podium
6
4
3
partie 111
poids
9
14
2
21
16
3
podium
6
3
5
partie 112
poids
14
23
21
12
3
1
podium
5
1
6
partie 113
poids
30
15
5
10
28
3
podium
6
5
4
partie 114
poids
4
14
26
1
25
13
podium
4
3
6
partie 115
poids
5
2
10
21
7
27
podium
3
5
1
partie 116
poids
5
24
20
14
4
15
podium
1
6
5
partie 117
poids
14
2
20
5
8
24
podium
2
4
5
partie 118
poids
15
2
12
3
23
30
podium
2
4
6
partie 119
poids
5
1
26
15
24
13
podium
2
3
6
partie 120
poids
20
4
24
3
15
13
podium
4
5
2
partie 121
poids
12
30
5
19
4
10
podium
2
5
4
partie 122
poids
7
13
3
25
30
5
podium
2
3
6
partie 123
poids
2
25
8
5
24
8
podium
6
5
3
partie 124
poids
27
15
8
4
30
5
podium
6
4
3
partie 125
poids
15
22
30
2
2
12
podium
4
5
1
partie 126
poids
2
21
23
7
2
9
podium
5
1
6
partie 127
poids
15
27
30
8
5
1
podium
6
2
5
partie 128
poids
30
14
26
1
7
1
podium
6
5
4
partie 129
poids
7
24
6
2
27
5
podium
4
6
1
partie 130
poids
10
2
26
16
9
1
podium
2
1
6
partie 131
poids
3
4
15
15
27
17
podium
3
2
1
partie 132
poids
2
10
7
30
2
26
podium
1
5
6
partie 133
poids
3
16
2
25
10
14
podium
3
1
4
partie 134
poids
5
22
3
14
10
20
podium
1
5
3
partie 135
poids
26
4
20
6
12
1
podium
6
4
1
partie 136
poids
22
13
8
2
17
4
podium
4
6
5
partie 137
poids
6
23
5
13
2
29
podium
5
1
3
partie 138
poids
20
19
1
7
9
4
podium
3
6
1
partie 139
poids
16
14
20
1
1
9
podium
4
5
6
partie 140
poids
26
16
6
2
8
5
podium
3
6
4
partie 141
poids
1
28
2
30
6
9
podium
5
1
3
partie 142
poids
26
7
1
7
2
18
podium
2
3
5
partie 143
poids
13
1
12
5
29
18
podium
2
3
6
partie 144
poids
15
4
24
30
13
5
podium
2
6
3
partie 145
poids
18
7
24
4
5
8
podium
6
2
4
partie 146
poids
3
17
10
5
6
30
podium
5
4
1
partie 147
poids
2
14
21
21
8
2
podium
6
5
1
partie 148
poids
28
22
10
1
1
9
podium
1
5
4
partie 149
poids
4
10
12
23
4
23
podium
2
1
6
partie 150
poids
24
27
7
5
4
8
podium
6
4
2
partie 151
poids
24
2
2
7
9
28
podium
3
1
2
partie 152
poids
27
5
5
15
12
29
podium
2
5
1
partie 153
poids
4
16
2
10
13
27
podium
3
6
1
partie 154
poids
3
7
24
24
10
5
podium
1
5
4
partie 155
poids
29
5
9
12
27
2
podium
5
6
2
partie 156
poids
29
6
27
1
13
4
podium
6
3
4
partie 157
poids
7
3
13
26
2
18
podium
2
5
3
partie 158
poids
13
4
28
4
19
15
podium
6
1
2
partie 159
poids
30
21
1
3
12
8
podium
3
6
1
partie 160
poids
1
18
2
13
25
15
podium
1
3
5
partie 161
poids
15
7
4
27
26
1
podium
6
2
1
partie 162
poids
12
26
2
24
7
1
podium
3
6
5
partie 163
poids
5
29
12
8
23
5
podium
3
1
6
partie 164
poids
13
3
29
4
15
26
podium
1
5
2
partie 165
poids
20
1
26
6
1
13
podium
5
6
2
partie 166
poids
13
2
1
6
21
18
podium
3
2
1
partie 167
poids
27
2
8
25
10
5
podium
2
5
3
partie 168
poids
30
12
3
20
6
1
podium
6
5
3
partie 169
poids
14
22
8
2
29
1
podium
4
6
1
partie 170
poids
2
6
25
22
6
3
podium
2
1
6
partie 171
poids
7
4
1
13
28
21
podium
3
1
2
partie 172
poids
8
4
30
28
2
7
podium
1
2
5
partie 173
poids
26
8
16
3
14
5
podium
6
5
4
partie 174
poids
14
22
5
4
15
20
podium
4
2
3
partie 175
poids
18
1
23
13
5
15
podium
1
2
5
partie 176
poids
10
1
5
26
8
20
podium
2
4
3
partie 177
poids
10
28
3
12
4
22
podium
4
3
2
partie 178
poids
6
15
1
25
26
1
podium
3
6
1
partie 179
poids
7
21
29
12
3
2
podium
5
2
1
partie 180
poids
24
5
3
12
13
16
podium
3
4
2
partie 181
poids
20
6
16
3
1
9
podium
5
2
4
partie 182
poids
8
26
1
3
15
25
podium
6
4
3
partie 183
poids
4
13
10
21
18
1
podium
6
1
2
partie 184
poids
7
25
30
10
3
4
podium
5
4
1
partie 185
poids
25
15
2
30
7
3
podium
6
1
3
partie 186
poids
4
12
2
30
8
30
podium
3
1
2
partie 187
poids
17
14
12
19
1
1
podium
6
5
1
partie 188
poids
4
15
1
29
8
16
podium
1
3
4
partie 189
poids
15
4
4
25
6
30
podium
3
2
4
partie 190
poids
3
26
7
30
1
13
podium
5
3
1
partie 191
poids
1
25
13
29
5
12
podium
1
4
2
partie 192
poids
1
7
14
2
25
24
podium
1
2
3
partie 193
poids
6
27
16
3
13
5
podium
4
6
1
partie 194
poids
7
26
10
3
29
1
podium
4
6
5
partie 195
poids
10
3
18
22
6
2
podium
5
1
6
partie 196
poids
3
12
18
6
1
16
podium
5
1
3
partie 197
poids
1
18
7
25
14
1
podium
1
6
2
partie 198
poids
3
19
18
1
14
15
podium
5
4
1
partie 199
poids
3
13
16
21
3
14
podium
5
1
6
partie 200
poids
2
7
28
1
25
15
podium
4
1
2
partie 201
poids
5
16
14
3
13
26
podium
1
4
3
partie 202
poids
20
4
27
14
5
7
podium
5
2
3
partie 203
poids
28
29
14
3
2
7
podium
4
5
3
partie 204
poids
21
6
3
10
2
16
podium
3
2
5
partie 205
poids
18
30
5
8
6
5
podium
4
3
6
partie 206
poids
29
13
25
2
8
1
podium
6
4
5
partie 207
poids
2
20
7
24
14
2
podium
5
6
1
partie 208
poids
4
27
1
12
10
22
podium
3
1
5
partie 209
poids
8
9
27
5
2
21
podium
5
4
1
partie 210
poids
15
1
21
7
4
26
podium
2
4
1
partie 211
poids
1
19
10
12
4
25
podium
1
3
5
partie 212
poids
16
15
5
8
5
17
podium
6
5
3
partie 213
poids
2
9
15
30
3
23
podium
5
1
3
partie 214
poids
12
8
18
5
20
1
podium
6
5
3
partie 215
poids
15
24
16
5
6
3
podium
6
5
4
partie 216
poids
15
22
14
2
1
30
podium
4
5
3
partie 217
poids
10
26
19
2
14
2
podium
4
3
6
partie 218
poids
9
25
20
14
5
5
podium
6
3
5
partie 219
poids
10
5
8
28
5
29
podium
5
1
2
partie 220
poids
5
15
27
23
1
6
podium
1
5
2
partie 221
poids
30
20
7
1
13
4
podium
4
3
5
partie 222
poids
24
3
26
7
1
12
podium
2
6
5
partie 223
poids
3
4
28
21
8
10
podium
1
2
5
partie 224
poids
18
2
15
7
4
24
podium
2
5
4
partie 225
poids
24
7
9
4
27
2
podium
6
4
2
partie 226
poids
1
3
15
26
17
7
podium
1
4
2
partie 227
poids
4
16
1
14
15
21
podium
3
4
2
partie 228
poids
18
2
2
14
24
12
podium
2
3
6
partie 229
poids
23
1
6
5
9
20
podium
4
2
5
partie 230
poids
15
22
9
28
1
4
podium
5
1
6
partie 231
poids
14
17
30
8
2
4
podium
5
6
4
partie 232
poids
26
13
7
25
3
1
podium
6
5
3
partie 233
poids
23
4
18
5
8
14
podium
4
6
2
partie 234
poids
3
25
12
30
5
8
podium
1
5
6
partie 235
poids
5
29
30
13
12
4
podium
3
6
1
partie 236
poids
1
13
29
15
1
22
podium
1
5
3
partie 237
poids
3
1
21
8
22
9
podium
2
5
1
partie 238
poids
10
2
26
1
9
29
podium
2
4
5
partie 239
poids
6
4
13
26
25
1
podium
6
3
4
partie 240
poids
26
18
12
3
5
14
podium
4
6
5
partie 241
poids
30
2
7
20
8
3
podium
2
5
3
partie 242
poids
13
12
3
29
1
22
podium
5
1
3
partie 243
poids
27
21
2
1
15
13
podium
1
4
5
partie 244
poids
15
15
30
3
5
18
podium
4
5
2
partie 245
poids
29
22
10
3
1
10
podium
5
6
4
partie 246
poids
1
3
7
25
24
6
podium
1
2
6
partie 247
poids
10
19
7
16
1
4
podium
5
3
6
partie 248
poids
2
7
30
4
14
19
podium
4
2
6
partie 249
poids
30
5
18
3
13
9
podium
5
2
4
partie 250
poids
19
26
3
6
7
1
podium
6
1
5
partie 251
poids
9
4
8
18
25
5
podium
3
1
4
partie 252
poids
13
24
12
29
5
1
podium
6
3
5
partie 253
poids
26
4
26
14
1
10
podium
2
1
5
partie 254
poids
5
23
6
12
2
26
podium
5
3
1
partie 255
poids
9
24
9
5
23
3
podium
3
1
4
partie 256
poids
26
14
1
25
3
6
podium
3
1
5
partie 257
poids
12
20
5
23
13
5
podium
1
3
2
partie 258
poids
7
20
4
1
28
14
podium
3
4
6
partie 259
poids
3
27
2
30
12
12
podium
3
2
5
partie 260
poids
8
29
1
23
8
4
podium
3
6
5
partie 261
poids
30
6
7
4
5
17
podium
5
2
3
partie 262
poids
26
8
7
16
3
5
podium
6
1
5
partie 263
poids
15
26
20
14
2
4
podium
5
6
3
partie 264
poids
12
4
12
17
28
2
podium
6
2
3
partie 265
poids
18
4
14
2
15
18
podium
4
5
3
partie 266
poids
8
22
17
4
3
6
podium
5
1
2
partie 267
poids
15
27
2
30
5
8
podium
3
6
5
partie 268
poids
24
4
28
8
13
1
podium
6
1
2
partie 269
poids
1
23
15
21
8
2
podium
1
5
4
partie 270
poids
2
26
28
4
15
7
podium
1
4
6
partie 271
poids
1
15
21
28
6
1
podium
6
1
5
partie 272
poids
20
22
12
2
7
4
podium
4
6
5
partie 273
poids
25
7
5
26
5
6
podium
3
2
6
partie 274
poids
3
13
21
17
5
14
podium
1
2
4
partie 275
poids
25
7
1
1
6
23
podium
4
3
5
partie 276
poids
21
8
20
2
10
1
podium
6
3
4
partie 277
poids
26
23
4
13
1
13
podium
5
2
1
partie 278
poids
30
8
30
2
2
8
podium
5
3
4
partie 279
poids
26
4
9
13
19
2
podium
5
1
6
partie 280
poids
5
2
12
15
18
18
podium
5
2
3
partie 281
poids
15
13
2
30
2
16
podium
3
6
5
partie 282
poids
7
4
18
25
5
10
podium
1
5
6
partie 283
poids
23
5
16
6
7
3
podium
6
5
1
partie 284
poids
28
2
6
13
2
30
podium
5
3
4
partie 285
poids
8
16
2
14
1
28
podium
5
6
1
partie 286
poids
15
20
3
3
20
7
podium
3
6
4
partie 287
poids
8
17
3
25
13
3
podium
6
1
4
partie 288
poids
17
4
10
2
20
10
podium
5
4
3
partie 289
poids
17
5
10
9
4
28
podium
5
6
4
partie 290
poids
2
21
17
6
10
1
podium
2
6
1
partie 291
poids
7
24
1
4
26
9
podium
3
4
1
partie 292
poids
1
13
30
4
30
8
podium
1
5
4
partie 293
poids
19
3
22
15
3
14
podium
1
2
5
partie 294
poids
28
4
3
15
10
24
podium
3
1
2
partie 295
poids
1
9
3
23
8
21
podium
3
1
2
partie 296
poids
3
10
12
2
22
21
podium
2
1
4
partie 297
poids
17
4
15
25
3
9
podium
2
1
5
partie 298
poids
18
7
17
5
4
10
podium
5
6
1
partie 299
poids
23
26
1
9
5
7
podium
3
5
4
partie 300
poids
13
27
1
1
8
18
podium
2
3
4
partie 301
poids
4
4
26
15
21
15
podium
2
3
1
partie 302
poids
30
6
8
2
30
5
podium
6
4
2
partie 303
poids
1
26
4
21
12
15
podium
3
1
5
partie 304
poids
27
17
12
10
4
1
podium
6
4
5
partie 305
poids
1
26
12
2
23
6
podium
4
1
3
partie 306
poids
22
9
17
12
2
4
podium
2
6
5
partie 307
poids
26
1
5
12
22
15
podium
5
2
1
partie 308
poids
20
2
6
7
30
1
podium
2
1
6
partie 309
poids
1
18
6
10
3
29
podium
3
5
1
partie 310
poids
3
3
27
13
16
7
podium
2
4
6
partie 311
poids
1
16
24
6
7
4
podium
1
5
6
partie 312
poids
27
2
22
1
10
13
podium
2
4
5
partie 313
poids
19
19
2
9
4
7
podium
3
4
2
partie 314
poids
4
15
9
1
19
26
podium
4
6
1
partie 315
poids
16
1
23
14
1
13
podium
5
6
2
partie 316
poids
20
5
9
2
27
6
podium
6
1
2
partie 317
poids
26
24
3
7
2
14
podium
3
5
4
partie 318
poids
2
23
8
4
23
9
podium
6
3
1
partie 319
poids
2
1
10
29
28
7
podium
2
4
1
partie 320
poids
2
7
4
20
30
14
podium
5
1
3
partie 321
poids
18
6
2
30
1
12
podium
5
3
2
partie 322
poids
8
30
7
5
25
3
podium
6
3
4
partie 323
poids
3
2
19
15
6
30
podium
2
1
5
partie 324
poids
8
19
10
1
19
3
podium
3
2
4
partie 325
poids
20
19
15
3
4
8
podium
4
5
3
partie 326
poids
6
23
25
1
8
4
podium
4
5
1
partie 327
poids
2
20
17
7
15
1
podium
1
6
4
partie 328
poids
10
5
27
29
4
12
podium
2
1
5
partie 329
poids
22
25
10
1
15
4
podium
4
6
3
partie 330
poids
5
28
8
2
12
28
podium
4
3
1
partie 331
poids
13
8
2
20
1
27
podium
5
2
3
partie 332
poids
5
24
8
3
6
25
podium
3
5
4
partie 333
poids
5
27
13
5
12
30
podium
4
5
1
partie 334
poids
4
28
3
22
8
12
podium
1
3
2
partie 335
poids
10
25
13
24
4
2
podium
6
1
3
partie 336
poids
7
30
1
30
15
4
podium
6
3
1
partie 337
poids
5
7
19
21
9
3
podium
1
6
5
partie 338
poids
8
15
29
2
2
28
podium
4
5
1
partie 339
poids
30
5
18
12
15
1
podium
6
2
4
partie 340
poids
8
1
7
28
30
4
podium
1
2
6
partie 341
poids
14
2
21
9
3
30
podium
2
5
1
partie 342
poids
17
4
24
10
12
3
podium
6
2
3
partie 343
poids
5
10
28
2
15
30
podium
4
2
6
partie 344
poids
24
21
1
9
14
2
podium
3
2
6
partie 345
poids
10
3
5
6
28
20
podium
4
2
1
partie 346
poids
29
30
9
5
10
4
podium
6
4
3
partie 347
poids
4
8
12
1
23
24
podium
5
1
2
partie 348
poids
2
22
4
24
10
9
podium
1
6
3
partie 349
poids
6
28
4
2
21
13
podium
3
1
4
partie 350
poids
7
15
30
3
1
24
podium
5
4
1
partie 351
poids
13
8
3
4
20
29
podium
4
3
6
partie 352
poids
22
9
12
5
19
3
podium
6
4
3
partie 353
poids
3
29
1
7
22
12
podium
3
5
1
partie 354
poids
2
10
17
4
14
18
podium
2
6
4
partie 355
poids
4
30
29
5
14
13
podium
3
6
4
partie 356
poids
12
1
13
4
29
27
podium
2
5
3
partie 357
poids
26
30
14
1
12
2
podium
6
3
4
partie 358
poids
26
26
3
5
7
8
podium
4
5
3
partie 359
poids
13
9
17
2
4
16
podium
4
5
1
partie 360
poids
24
12
30
3
4
13
podium
4
5
2
partie 361
poids
1
14
1
29
10
18
podium
3
6
5
partie 362
poids
20
17
3
12
3
14
podium
5
4
3
partie 363
poids
26
3
19
5
14
12
podium
5
4
3
partie 364
poids
28
2
14
15
27
2
podium
2
6
4
partie 365
poids
21
5
7
29
5
13
podium
5
3
2
partie 366
poids
12
30
10
4
19
4
podium
6
4
1
partie 367
poids
9
21
30
2
7
3
podium
4
6
5
partie 368
poids
13
26
29
4
3
15
podium
5
3
4
partie 369
poids
8
26
3
12
19
1
podium
6
3
1
partie 370
poids
3
15
6
26
5
26
podium
3
1
5
partie 371
poids
24
10
5
4
30
14
podium
6
4
3
partie 372
poids
12
17
4
4
27
7
podium
6
5
4
partie 373
poids
15
2
28
1
21
15
podium
4
2
5
partie 374
poids
30
13
22
10
2
4
podium
6
5
3
partie 375
poids
13
3
5
21
15
25
podium
2
5
1
partie 376
poids
21
15
4
17
13
1
podium
3
2
6
partie 377
poids
12
19
5
3
10
26
podium
5
2
3
partie 378
poids
4
8
1
19
20
9
podium
6
1
3
partie 379
poids
22
4
21
1
14
8
podium
4
5
2
partie 380
poids
13
7
4
4
28
26
podium
4
3
2
partie 381
poids
3
8
30
3
27
7
podium
6
4
1
partie 382
poids
2
2
13
30
15
26
podium
1
2
4
partie 383
poids
4
14
2
22
9
30
podium
1
3
4
partie 384
poids
19
12
12
1
1
28
podium
4
3
5
partie 385
poids
3
26
6
15
3
25
podium
4
1
3
partie 386
poids
6
26
7
3
3
27
podium
3
1
4
partie 387
poids
18
3
22
7
12
3
podium
3
4
6
partie 388
poids
27
30
10
8
3
5
podium
2
4
6
partie 389
poids
15
2
13
3
17
30
podium
3
4
2
partie 390
poids
3
8
18
15
26
1
podium
1
6
4
partie 391
poids
2
18
26
14
1
8
podium
5
1
2
partie 392
poids
1
2
22
6
10
19
podium
2
1
4
partie 393
poids
12
22
1
1
6
20
podium
4
1
3
partie 394
poids
8
1
12
30
1
24
podium
2
4
5
partie 395
poids
18
2
4
28
9
9
podium
3
4
1
partie 396
poids
18
1
30
13
4
7
podium
2
1
5
partie 397
poids
5
5
14
28
25
13
podium
3
2
1
partie 398
poids
7
14
25
4
3
30
podium
1
5
6
partie 399
poids
2
30
4
14
26
8
podium
1
3
4
partie 400
poids
3
23
3
12
30
14
podium
1
3
5
partie 401
poids
16
20
5
14
2
6
podium
2
5
6
partie 402
poids
9
5
23
5
12
20
podium
2
4
3
partie 403
poids
9
4
19
5
21
12
podium
4
2
6
partie 404
poids
23
5
8
17
3
10
podium
3
5
1
partie 405
poids
13
1
2
23
6
16
podium
2
3
1
partie 406
poids
9
3
30
20
12
4
podium
1
2
5
partie 407
poids
2
21
3
21
7
9
podium
5
3
4
partie 408
poids
25
30
14
2
7
4
podium
4
3
6
partie 409
poids
10
3
30
4
7
28
podium
2
1
4
partie 410
poids
4
6
26
14
21
3
podium
1
5
6
partie 411
poids
8
5
26
7
26
3
podium
4
2
6
partie 412
poids
3
23
8
30
2
15
podium
5
3
6
partie 413
poids
6
28
14
24
1
2
podium
5
6
4
partie 414
poids
26
8
9
2
19
3
podium
4
6
2
partie 415
poids
7
7
30
4
2
24
podium
5
4
1
partie 416
poids
24
4
13
12
18
2
podium
1
5
2
partie 417
poids
5
13
16
4
13
29
podium
6
4
5
partie 418
poids
8
1
5
19
6
17
podium
6
2
5
partie 419
poids
8
7
2
18
19
5
podium
2
3
6
partie 420
poids
27
2
14
28
14
5
podium
2
6
4
partie 421
poids
3
10
8
30
4
17
podium
1
5
6
partie 422
poids
18
4
27
13
3
13
podium
2
5
1
partie 423
poids
3
14
30
23
13
5
podium
2
1
6
partie 424
poids
14
10
4
18
27
3
podium
6
3
4
partie 425
poids
21
2
26
10
4
12
podium
2
6
5
partie 426
poids
7
3
15
1
26
16
podium
4
2
1
partie 427
poids
7
8
1
20
24
1
podium
1
6
3
partie 428
poids
30
3
2
15
28
13
podium
2
3
4
partie 429
poids
15
1
1
8
26
19
podium
2
3
1
partie 430
poids
12
1
1
10
26
25
podium
3
2
6
partie 431
poids
30
14
12
3
2
29
podium
3
5
4
partie 432
poids
2
14
21
7
3
30
podium
2
1
5
partie 433
poids
15
19
2
17
6
3
podium
3
4
6
partie 434
poids
30
5
3
6
28
7
podium
6
3
4
partie 435
poids
12
1
1
12
26
28
podium
3
6
1
partie 436
poids
15
7
16
4
30
2
podium
6
4
3
partie 437
poids
12
14
5
29
20
1
podium
6
3
1
partie 438
poids
16
17
6
2
10
3
podium
6
3
1
partie 439
poids
22
5
28
13
12
3
podium
2
6
4
partie 440
poids
12
3
17
24
4
15
podium
2
5
1
partie 441
poids
15
5
16
2
25
8
podium
4
2
5
partie 442
poids
1
3
25
7
14
18
podium
1
2
5
partie 443
poids
12
3
8
27
26
3
podium
1
6
2
partie 444
poids
4
28
7
21
13
4
podium
1
5
2
partie 445
poids
7
3
4
29
8
25
podium
3
5
2
partie 446
poids
2
20
14
22
1
7
podium
1
5
6
partie 447
poids
12
21
1
17
2
15
podium
3
2
4
partie 448
poids
12
5
19
1
29
6
podium
4
2
6
partie 449
poids
18
13
2
3
7
26
podium
3
1
4
partie 450
poids
12
16
9
1
18
1
podium
6
3
4
partie 451
poids
5
27
22
3
15
12
podium
4
2
1
partie 452
poids
5
19
17
13
5
14
podium
6
4
1
partie 453
poids
1
20
26
15
3
6
podium
3
5
1
partie 454
poids
3
7
20
26
9
4
podium
6
4
1
partie 455
poids
12
1
20
6
5
23
podium
5
3
4
partie 456
poids
5
6
20
24
9
5
podium
2
5
1
partie 457
poids
13
30
12
5
23
4
podium
4
6
3
partie 458
poids
1
2
8
20
9
16
podium
1
2
4
partie 459
poids
2
12
21
30
3
12
podium
5
1
2
partie 460
poids
3
16
8
5
14
27
podium
1
2
5
partie 461
poids
30
5
24
4
10
14
podium
4
6
5
partie 462
poids
21
21
7
4
9
4
podium
3
1
6
partie 463
poids
7
27
5
12
3
26
podium
1
3
5
partie 464
poids
4
8
2
6
27
20
podium
3
4
1
partie 465
poids
25
9
2
15
26
4
podium
3
6
5
partie 466
poids
5
14
10
30
20
1
podium
6
3
2
partie 467
poids
21
8
1
2
30
12
podium
4
3
6
partie 468
poids
1
15
30
15
25
5
podium
1
4
6
partie 469
poids
3
7
12
4
28
20
podium
2
4
1
partie 470
poids
3
12
3
20
13
18
podium
2
4
6
partie 471
poids
5
19
28
14
4
8
podium
5
6
2
partie 472
poids
25
20
9
5
2
15
podium
3
6
2
partie 473
poids
3
29
15
14
21
3
podium
3
1
6
partie 474
poids
12
9
1
2
26
29
podium
4
3
5
partie 475
poids
3
4
7
28
9
24
podium
1
3
2
partie 476
poids
6
4
4
30
26
6
podium
5
1
2
partie 477
poids
22
2
3
14
12
17
podium
3
2
6
partie 478
poids
14
20
6
30
1
3
podium
5
6
1
partie 479
poids
1
3
10
16
21
13
podium
2
1
3
partie 480
poids
8
17
19
2
13
1
podium
6
1
4
partie 481
poids
8
3
30
21
4
12
podium
2
5
6
partie 482
poids
16
9
2
12
2
18
podium
5
3
1
partie 483
poids
22
2
1
20
8
12
podium
2
3
1
partie 484
poids
5
7
21
10
26
3
podium
1
6
2
partie 485
poids
1
14
21
12
5
24
podium
1
6
5
partie 486
poids
1
8
12
4
22
24
podium
2
1
4
partie 487
poids
5
18
28
14
2
14
podium
5
1
2
partie 488
poids
28
1
3
12
24
7
podium
6
2
3
partie 489
poids
1
14
18
1
18
15
podium
1
4
2
partie 490
poids
26
4
6
15
4
22
podium
2
5
3
partie 491
poids
16
24
7
13
3
3
podium
5
3
4
partie 492
poids
25
9
8
5
28
5
podium
6
3
2
partie 493
poids
7
13
4
1
16
17
podium
4
1
3
partie 494
poids
5
5
19
6
22
13
podium
4
1
3
partie 495
poids
15
16
2
21
2
7
podium
3
6
5
partie 496
poids
12
8
2
20
24
5
podium
2
3
1
partie 497
poids
21
4
4
16
13
7
podium
4
2
3
partie 498
poids
4
6
20
3
28
14
podium
1
6
2
partie 499
poids
6
16
3
7
3
22
podium
5
1
2
partie 500
poids
12
15
23
3
4
30
podium
3
6
4
partie 501
poids
1
4
30
7
28
14
podium
1
4
2
partie 502
poids
6
5
26
13
2
16
podium
3
5
6
partie 503
poids
7
9
3
30
16
5
podium
5
1
2
partie 504
poids
6
5
9
25
2
30
podium
5
2
1
partie 505
poids
13
1
3
29
28
12
podium
2
3
6
partie 506
poids
15
4
26
14
22
5
podium
6
4
2
partie 507
poids
1
18
12
13
4
23
podium
1
5
4
partie 508
poids
1
10
3
19
9
28
podium
1
2
6
partie 509
poids
20
2
19
12
10
1
podium
1
2
5
partie 510
poids
19
29
10
1
7
4
podium
3
4
5
partie 511
poids
18
9
14
5
5
26
podium
1
4
2
partie 512
poids
12
18
2
13
30
4
podium
6
3
2
partie 513
poids
29
22
4
15
15
4
podium
3
6
2
partie 514
poids
19
27
2
12
1
10
podium
5
1
3
partie 515
poids
6
19
28
1
1
14
podium
4
5
1
partie 516
poids
13
22
4
8
23
5
podium
6
4
5
partie 517
poids
3
2
10
12
30
30
podium
2
1
4
partie 518
poids
25
2
4
9
22
13
podium
2
5
3
partie 519
poids
12
29
1
27
5
9
podium
3
5
1
partie 520
poids
12
2
3
15
21
22
podium
3
6
2
partie 521
poids
5
28
3
13
16
8
podium
5
3
4
partie 522
poids
13
3
16
12
21
3
podium
6
2
1
partie 523
poids
6
12
19
2
26
4
podium
6
1
4
partie 524
poids
8
4
21
6
1
17
podium
5
6
4
partie 525
poids
2
13
5
26
16
7
podium
1
6
2
partie 526
poids
3
26
25
5
13
12
podium
4
1
5
partie 527
poids
26
1
6
3
21
8
podium
3
5
2
partie 528
poids
30
7
15
5
18
5
podium
6
4
2
partie 529
poids
2
15
30
25
4
9
podium
1
2
6
partie 530
poids
21
3
8
14
3
18
podium
2
5
4
partie 531
poids
13
3
27
4
23
8
podium
6
4
2
partie 532
poids
3
15
29
2
8
26
podium
4
5
1
partie 533
poids
3
28
22
7
3
15
podium
1
5
4
partie 534
poids
7
5
30
2
7
21
podium
5
4
2
partie 535
poids
26
4
3
10
10
30
podium
3
4
5
partie 536
poids
15
5
13
26
19
2
podium
6
2
5
partie 537
poids
5
3
30
27
6
10
podium
1
2
5
partie 538
poids
16
14
3
7
23
4
podium
4
6
3
partie 539
poids
28
9
16
8
5
5
podium
4
2
5
partie 540
poids
2
29
10
4
6
30
podium
1
2
5
partie 541
poids
12
16
5
5
29
10
podium
5
3
1
partie 542
poids
18
2
2
13
19
15
podium
2
1
5
partie 543
poids
21
13
2
15
16
1
podium
6
3
2
partie 544
poids
1
28
20
2
15
12
podium
5
1
4
partie 545
poids
8
3
5
24
12
17
podium
3
5
2
partie 546
poids
30
27
12
2
13
3
podium
5
4
3
partie 547
poids
1
7
30
14
26
3
podium
1
2
5
partie 548
poids
15
16
1
22
5
13
podium
3
1
5
partie 549
poids
13
9
2
1
20
25
podium
4
3
6
partie 550
poids
21
5
2
26
6
9
podium
2
4
3
partie 551
poids
15
15
29
2
5
18
podium
4
5
2
partie 552
poids
10
15
23
3
26
4
podium
6
4
1
partie 553
poids
22
1
2
13
13
16
podium
4
2
3
partie 554
poids
29
4
3
6
29
8
podium
4
6
2
partie 555
poids
16
12
30
2
14
4
podium
1
4
6
partie 556
poids
1
13
21
1
13
21
podium
4
1
2
partie 557
poids
15
9
28
2
25
3
podium
6
4
3
partie 558
poids
4
30
1
15
12
26
podium
3
1
4
partie 559
poids
27
3
8
22
5
13
podium
2
5
3
partie 560
poids
7
5
7
17
2
16
podium
5
2
4
partie 561
poids
9
2
25
22
15
3
podium
1
6
2
partie 562
poids
12
28
3
13
21
1
podium
3
6
1
partie 563
poids
8
1
30
24
4
13
podium
5
2
1
partie 564
poids
2
4
15
24
28
14
podium
4
1
2
partie 565
poids
27
12
1
15
29
4
podium
3
1
2
partie 566
poids
1
27
8
6
30
3
podium
6
1
4
partie 567
poids
16
3
9
21
4
15
podium
5
2
1
partie 568
poids
10
15
23
24
3
4
podium
4
5
3
partie 569
poids
3
8
6
30
5
22
podium
6
5
4
partie 570
poids
20
28
15
5
7
3
podium
4
6
5
partie 571
poids
23
4
26
8
9
3
podium
2
3
6
partie 572
poids
4
9
10
24
3
27
podium
3
2
5
partie 573
poids
3
1
24
7
24
12
podium
2
6
1
partie 574
poids
19
12
18
3
2
13
podium
5
1
4
partie 575
poids
28
30
8
2
3
15
podium
4
5
3
partie 576
poids
24
1
16
8
12
5
podium
2
6
4
partie 577
poids
15
7
30
25
4
4
podium
6
2
5
partie 578
poids
10
9
29
1
20
3
podium
3
4
2
partie 579
poids
6
30
16
3
9
5
podium
6
1
4
partie 580
poids
25
21
13
3
3
15
podium
4
5
1
partie 581
poids
7
1
20
29
8
5
podium
2
1
6
partie 582
poids
7
3
29
9
24
2
podium
6
2
1
partie 583
poids
23
2
8
27
3
6
podium
2
5
3
partie 584
poids
4
9
30
15
25
3
podium
6
4
1
partie 585
poids
28
3
8
7
27
2
podium
6
3
2
partie 586
poids
6
1
15
3
21
18
podium
2
4
1
partie 587
poids
12
24
15
1
29
1
podium
6
1
4
partie 588
poids
5
15
23
10
5
26
podium
2
5
4
partie 589
poids
15
9
20
21
2
4
podium
5
2
4
partie 590
poids
4
13
23
17
10
3
podium
4
6
1
partie 591
poids
10
5
27
1
19
7
podium
4
6
1
partie 592
poids
3
10
3
29
7
28
podium
1
3
5
partie 593
poids
2
17
5
26
10
7
podium
1
2
4
partie 594
poids
2
3
24
22
7
10
podium
1
2
4
partie 595
poids
10
3
3
17
12
26
podium
4
2
5
partie 596
poids
1
8
20
2
16
6
podium
1
4
5
partie 597
poids
6
5
26
2
24
15
podium
4
1
6
partie 598
poids
2
21
5
12
13
30
podium
5
1
3
partie 599
poids
29
19
1
4
6
12
podium
5
3
4
partie 600
poids
8
9
20
19
5
5
podium
1
2
3
partie 601
poids
28
10
4
2
7
19
podium
4
3
5
partie 602
poids
3
4
17
13
8
19
podium
4
6
1
partie 603
poids
7
4
13
4
26
21
podium
6
3
1
partie 604
poids
8
27
3
29
8
3
podium
6
3
5
partie 605
poids
6
2
25
8
3
26
podium
2
5
4
partie 606
poids
12
15
27
2
4
30
podium
5
4
1
partie 607
poids
26
3
5
8
9
17
podium
3
6
1
partie 608
poids
13
5
14
27
1
30
podium
2
5
3
partie 609
poids
23
20
7
10
4
1
podium
4
1
6
partie 610
poids
21
5
20
15
13
3
podium
6
5
2
partie 611
poids
5
22
12
9
3
30
podium
5
1
3
partie 612
poids
28
5
1
9
15
21
podium
4
3
2
partie 613
poids
19
12
1
7
2
25
podium
3
5
1
partie 614
poids
7
5
9
17
3
26
podium
6
4
2
partie 615
poids
4
14
2
29
17
12
podium
3
2
1
partie 616
poids
17
2
1
18
13
15
podium
3
1
2
partie 617
poids
5
13
30
30
14
2
podium
6
1
5
partie 618
poids
1
29
9
4
20
13
podium
4
1
2
partie 619
poids
5
28
7
3
10
22
podium
1
4
3
partie 620
poids
21
1
18
10
15
4
podium
2
4
3
partie 621
poids
26
7
28
2
13
1
podium
1
4
6
partie 622
poids
25
4
7
21
3
8
podium
6
5
3
partie 623
poids
7
12
29
1
25
5
podium
4
3
2
partie 624
poids
15
26
17
13
4
1
podium
1
6
5
partie 625
poids
4
21
24
8
1
14
podium
5
4
3
partie 626
poids
1
13
7
26
4
17
podium
1
4
5
partie 627
poids
1
9
3
13
30
30
podium
1
6
3
partie 628
poids
19
3
10
7
3
21
podium
5
3
2
partie 629
poids
2
12
15
27
30
3
podium
3
1
6
partie 630
poids
12
9
21
1
2
18
podium
4
5
1
partie 631
poids
24
9
3
18
7
5
podium
3
6
5
partie 632
poids
10
5
3
13
30
27
podium
3
4
2
partie 633
poids
19
26
8
3
6
5
podium
2
4
6
partie 634
poids
3
4
16
17
15
13
podium
2
6
4
partie 635
poids
4
15
29
13
26
2
podium
1
6
4
partie 636
poids
4
8
2
27
19
9
podium
3
1
4
partie 637
poids
16
4
30
6
1
7
podium
2
5
1
partie 638
poids
9
24
17
3
5
6
podium
4
5
3
partie 639
poids
9
3
27
17
8
4
podium
2
6
1
partie 640
poids
30
18
12
2
8
5
podium
2
4
6
partie 641
poids
12
3
12
17
2
28
podium
2
5
4
partie 642
poids
13
12
3
24
5
16
podium
6
3
1
partie 643
poids
3
14
12
24
22
1
podium
1
6
5
partie 644
poids
30
14
10
20
5
3
podium
5
6
2
partie 645
poids
24
18
8
1
5
15
podium
4
5
2
partie 646
poids
19
5
14
18
1
12
podium
5
3
2
partie 647
poids
3
9
6
16
3
28
podium
2
5
1
partie 648
poids
20
8
21
2
12
4
podium
4
2
6
partie 649
poids
20
13
4
10
1
16
podium
5
3
1
partie 650
poids
4
16
16
13
15
4
podium
1
4
6
partie 651
poids
2
22
20
4
14
14
podium
1
4
6
partie 652
poids
20
5
9
8
3
19
podium
5
2
1
partie 653
poids
5
26
1
25
14
8
podium
3
2
5
partie 654
poids
6
1
27
1
12
30
podium
4
1
2
partie 655
poids
2
1
6
29
15
17
podium
1
3
2
partie 656
poids
26
3
4
15
7
29
podium
2
1
5
partie 657
poids
15
4
15
30
2
17
podium
1
6
2
partie 658
poids
13
3
27
13
5
27
podium
5
3
2
partie 659
poids
5
27
18
3
14
15
podium
5
1
4
partie 660
poids
21
27
1
1
13
12
podium
3
4
2
partie 661
poids
3
9
5
21
12
30
podium
5
1
2
partie 662
poids
26
1
5
12
8
28
podium
2
5
3
partie 663
poids
3
13
4
30
13
19
podium
3
1
6
partie 664
poids
21
20
14
8
1
2
podium
6
5
1
partie 665
poids
15
10
30
5
26
1
podium
6
2
4
partie 666
poids
3
2
21
13
13
19
podium
2
1
5
partie 667
poids
14
13
3
18
5
21
podium
5
3
1
partie 668
poids
30
10
9
16
2
5
podium
5
2
3
partie 669
poids
13
29
26
10
2
2
podium
1
5
6
partie 670
poids
21
19
14
1
1
12
podium
4
5
2
partie 671
poids
15
8
3
26
28
2
podium
6
3
1
partie 672
poids
4
6
9
26
20
1
podium
6
5
3
partie 673
poids
1
3
16
13
10
28
podium
1
2
3
partie 674
poids
12
15
30
1
1
27
podium
4
2
5
partie 675
poids
6
5
1
6
18
25
podium
3
1
2
partie 676
poids
8
5
18
21
13
1
podium
1
6
4
partie 677
poids
3
1
29
30
6
15
podium
1
2
4
partie 678
poids
18
4
3
10
28
9
podium
3
6
5
partie 679
poids
5
13
22
4
27
14
podium
3
6
2
partie 680
poids
13
1
15
21
3
17
podium
2
5
4
partie 681
poids
13
8
2
4
28
24
podium
3
2
4
partie 682
poids
3
15
26
2
23
10
podium
6
4
1
partie 683
poids
26
8
14
4
18
2
podium
1
2
4
partie 684
poids
8
13
24
16
2
1
podium
6
3
4
partie 685
poids
12
26
13
19
1
5
podium
5
6
3
partie 686
poids
28
1
6
19
7
2
podium
2
6
4
partie 687
poids
16
24
6
13
3
1
podium
6
5
3
partie 688
poids
10
29
2
3
7
26
podium
3
5
4
partie 689
poids
20
1
2
13
18
12
podium
3
2
5
partie 690
poids
5
12
23
23
5
7
podium
4
5
6
partie 691
poids
8
6
30
28
2
3
podium
6
5
1
partie 692
poids
5
19
1
27
7
6
podium
4
3
5
partie 693
poids
7
24
21
3
14
4
podium
3
6
1
partie 694
poids
4
7
10
26
21
1
podium
6
2
1
partie 695
poids
4
3
26
17
12
9
podium
3
1
2
partie 696
poids
18
5
8
30
15
4
podium
6
2
3
partie 697
poids
13
7
3
22
30
1
podium
3
6
2