partie 1
poids
10
30
3
2
8
27
podium
3
2
4
partie 2
poids
21
3
26
8
4
6
podium
5
6
4
partie 3
poids
14
20
1
3
12
20
podium
6
3
1
partie 4
poids
27
5
26
3
15
9
podium
2
4
5
partie 5
poids
10
3
21
7
5
23
podium
5
2
3
partie 6
poids
1
5
6
29
28
15
podium
3
1
2
partie 7
poids
10
4
2
10
23
21
podium
2
4
5
partie 8
poids
27
10
1
8
26
5
podium
3
4
2
partie 9
poids
4
24
1
12
24
6
podium
3
4
6
partie 10
poids
17
12
12
2
1
28
podium
5
4
6
partie 11
poids
7
16
4
23
3
7
podium
6
5
3
partie 12
poids
6
3
20
14
20
3
podium
2
1
6
partie 13
poids
21
29
2
9
3
12
podium
5
2
4
partie 14
poids
5
29
3
7
23
6
podium
3
4
6
partie 15
poids
2
10
29
15
4
24
podium
1
5
6
partie 16
poids
7
27
23
1
1
10
podium
4
6
5
partie 17
poids
13
2
3
16
9
25
podium
2
3
4
partie 18
poids
15
21
2
3
27
12
podium
4
3
5
partie 19
poids
26
5
6
23
8
3
podium
6
2
5
partie 20
poids
28
19
7
15
2
2
podium
6
5
1
partie 21
poids
4
27
4
14
6
22
podium
3
6
2
partie 22
poids
12
2
13
28
3
22
podium
2
1
5
partie 23
poids
15
10
5
3
26
28
podium
3
2
5
partie 24
poids
23
5
16
2
12
6
podium
4
2
6
partie 25
poids
6
30
25
15
3
3
podium
6
5
1
partie 26
poids
17
2
3
19
13
13
podium
3
1
2
partie 27
poids
30
23
3
10
14
4
podium
4
6
3
partie 28
poids
4
5
27
12
25
13
podium
6
2
1
partie 29
poids
4
1
6
30
13
16
podium
2
1
6
partie 30
poids
26
5
15
29
3
14
podium
2
5
1
partie 31
poids
26
7
29
3
2
7
podium
4
2
5
partie 32
poids
25
30
8
15
3
3
podium
5
3
6
partie 33
poids
14
30
1
12
3
23
podium
5
3
6
partie 34
poids
20
27
3
1
14
7
podium
4
1
3
partie 35
poids
17
26
7
5
9
2
podium
5
6
4
partie 36
poids
5
4
7
21
19
13
podium
2
1
4
partie 37
poids
30
9
5
8
2
23
podium
5
3
4
partie 38
poids
23
6
2
2
20
14
podium
3
4
2
partie 39
poids
15
13
4
5
26
23
podium
4
3
1
partie 40
poids
7
3
26
28
5
15
podium
5
2
1
partie 41
poids
5
15
9
19
3
20
podium
2
5
1
partie 42
poids
7
5
18
26
4
8
podium
6
1
2
partie 43
poids
16
25
6
2
5
7
podium
5
4
3
partie 44
poids
21
6
8
1
4
30
podium
3
1
5
partie 45
poids
23
10
8
24
3
1
podium
6
3
5
partie 46
poids
25
28
9
1
2
10
podium
5
4
6
partie 47
poids
5
28
29
1
14
13
podium
1
4
5
partie 48
poids
14
3
25
17
2
6
podium
6
5
2
partie 49
poids
1
7
22
17
13
1
podium
6
1
4
partie 50
poids
5
27
3
8
23
15
podium
3
4
1
partie 51
poids
2
10
30
8
30
2
podium
2
1
4
partie 52
poids
26
14
5
3
15
17
podium
4
1
3
partie 53
poids
15
2
3
30
9
19
podium
1
2
3
partie 54
poids
16
21
10
1
2
15
podium
5
3
6
partie 55
poids
17
3
29
7
15
5
podium
5
6
2
partie 56
poids
7
15
1
3
23
18
podium
4
3
2
partie 57
poids
4
5
12
27
16
13
podium
6
2
1
partie 58
poids
18
26
12
2
13
2
podium
6
5
4
partie 59
poids
13
26
22
6
3
2
podium
5
6
4
partie 60
poids
5
8
1
13
17
18
podium
5
3
1
partie 61
poids
3
9
13
19
23
4
podium
6
2
1
partie 62
poids
13
17
4
2
12
25
podium
3
4
5
partie 63
poids
7
12
26
30
5
4
podium
5
6
1
partie 64
poids
7
2
19
9
3
30
podium
6
2
5
partie 65
poids
1
27
20
10
12
3
podium
4
6
2
partie 66
poids
28
12
2
5
21
8
podium
3
1
4
partie 67
poids
29
1
14
27
5
12
podium
2
6
5
partie 68
poids
23
1
6
23
15
1
podium
6
1
2
partie 69
poids
22
4
13
10
27
5
podium
1
4
6
partie 70
poids
26
4
9
19
9
5
podium
3
2
5
partie 71
poids
17
5
10
15
4
30
podium
2
5
3
partie 72
poids
7
3
2
16
23
10
podium
4
3
6
partie 73
poids
25
10
13
5
29
3
podium
4
6
3
partie 74
poids
1
29
8
4
24
7
podium
4
1
3
partie 75
poids
14
1
21
13
18
3
podium
5
2
6
partie 76
poids
4
20
17
13
7
3
podium
6
1
5
partie 77
poids
2
6
6
25
22
2
podium
1
6
5
partie 78
poids
27
8
23
3
12
2
podium
6
1
2
partie 79
poids
10
22
2
8
21
5
podium
3
5
6
partie 80
poids
2
5
28
7
8
19
podium
2
1
4
partie 81
poids
7
12
16
2
21
5
podium
5
4
6
partie 82
poids
28
10
9
1
30
4
podium
6
4
3
partie 83
poids
8
9
26
5
28
5
podium
4
6
3
partie 84
poids
10
2
8
5
30
21
podium
2
4
3
partie 85
poids
16
10
2
7
4
26
podium
3
4
5
partie 86
poids
15
4
8
3
27
17
podium
2
4
6
partie 87
poids
8
28
2
8
30
2
podium
6
3
1
partie 88
poids
29
21
4
15
6
1
podium
3
6
1
partie 89
poids
4
24
7
22
2
6
podium
6
3
5
partie 90
poids
2
4
17
23
12
13
podium
2
1
3
partie 91
poids
9
14
30
28
5
5
podium
3
4
2
partie 92
poids
3
7
22
25
14
1
podium
2
1
6
partie 93
poids
26
13
20
10
2
4
podium
4
5
2
partie 94
poids
12
9
1
21
30
1
podium
6
3
2
partie 95
poids
13
4
28
6
16
4
podium
2
5
6
partie 96
poids
4
21
6
1
18
15
podium
4
1
3
partie 97
poids
26
23
1
8
5
14
podium
3
2
5
partie 98
poids
26
3
7
4
13
29
podium
4
2
3
partie 99
poids
12
4
27
3
26
13
podium
2
4
6
partie 100
poids
18
6
4
9
19
3
podium
2
6
4
partie 101
poids
5
12
20
23
2
6
podium
5
1
6
partie 102
poids
4
2
13
7
26
23
podium
2
1
6
partie 103
poids
22
13
8
2
18
4
podium
4
3
2
partie 104
poids
3
13
15
4
30
16
podium
1
4
2
partie 105
poids
7
8
1
23
30
4
podium
3
6
1
partie 106
poids
8
4
27
2
16
10
podium
6
2
4
partie 107
poids
5
3
15
21
30
12
podium
2
1
4
partie 108
poids
19
2
4
15
19
10
podium
3
2
5
partie 109
poids
27
5
3
27
14
13
podium
6
3
2
partie 110
poids
4
3
6
30
26
8
podium
1
2
3
partie 111
poids
4
3
20
14
8
16
podium
1
2
4
partie 112
poids
25
7
22
2
2
7
podium
4
5
6
partie 113
poids
3
15
27
5
15
26
podium
1
2
4
partie 114
poids
23
3
20
2
6
13
podium
4
2
5
partie 115
poids
8
4
3
7
28
30
podium
3
1
6
partie 116
poids
12
19
20
7
5
4
podium
2
6
5
partie 117
poids
16
5
25
15
8
2
podium
6
5
2
partie 118
poids
2
8
18
28
12
5
podium
1
6
3
partie 119
poids
30
13
3
13
2
28
podium
3
5
2
partie 120
poids
4
26
9
8
26
2
podium
6
4
1
partie 121
poids
28
6
2
14
5
26
podium
3
1
4
partie 122
poids
20
1
5
14
29
12
podium
2
6
4
partie 123
poids
19
8
12
5
16
4
podium
3
4
2
partie 124
poids
8
17
30
3
8
3
podium
6
3
5
partie 125
poids
14
24
30
1
13
3
podium
4
6
1
partie 126
poids
3
16
14
7
23
1
podium
6
1
5
partie 127
poids
19
20
15
3
13
2
podium
1
6
4
partie 128
poids
1
28
29
8
7
1
podium
1
6
2
partie 129
poids
2
5
24
14
20
13
podium
1
3
2
partie 130
poids
6
23
5
1
9
29
podium
4
5
1
partie 131
poids
7
6
26
1
2
27
podium
3
5
4
partie 132
poids
21
10
5
23
9
2
podium
2
3
6
partie 133
poids
4
3
26
7
24
15
podium
3
2
4
partie 134
poids
4
1
6
24
28
10
podium
6
2
1
partie 135
poids
15
28
25
13
4
3
podium
4
6
5
partie 136
poids
2
21
23
14
6
3
podium
1
6
4
partie 137
poids
15
3
8
20
26
5
podium
2
6
3
partie 138
poids
8
6
1
2
21
22
podium
1
3
4
partie 139
poids
29
5
19
7
2
8
podium
4
5
6
partie 140
poids
3
29
2
19
14
10
podium
3
5
1
partie 141
poids
30
5
13
3
16
8
podium
5
6
3
partie 142
poids
5
2
10
8
17
18
podium
3
2
6
partie 143
poids
8
1
3
19
28
7
podium
2
1
6
partie 144
poids
1
5
22
13
20
6
podium
1
2
6
partie 145
poids
8
15
4
26
4
28
podium
5
3
1
partie 146
poids
13
2
1
30
30
13
podium
3
2
1
partie 147
poids
15
4
14
3
30
29
podium
4
2
6
partie 148
poids
30
15
1
12
27
4
podium
3
6
4
partie 149
poids
4
29
10
2
7
27
podium
3
4
1
partie 150
poids
7
15
17
5
1
22
podium
6
5
4
partie 151
poids
14
5
12
4
26
20
podium
4
2
1
partie 152
poids
10
7
3
3
21
24
podium
5
1
4
partie 153
poids
19
28
15
4
12
1
podium
4
1
6
partie 154
poids
13
1
18
2
8
25
podium
6
5
2
partie 155
poids
2
27
12
18
7
2
podium
6
1
4
partie 156
poids
10
3
8
29
2
28
podium
5
6
2
partie 157
poids
21
4
8
20
3
10
podium
5
2
3
partie 158
poids
6
28
22
9
5
5
podium
6
5
4
partie 159
poids
24
1
2
12
8
30
podium
3
2
6
partie 160
poids
3
1
22
13
23
12
podium
2
1
4
partie 161
poids
10
29
3
14
22
1
podium
5
6
3
partie 162
poids
4
13
13
28
5
30
podium
5
2
1
partie 163
poids
9
26
3
5
15
21
podium
3
4
5
partie 164
poids
14
3
20
26
14
1
podium
2
6
3
partie 165
poids
29
1
30
10
14
2
podium
5
2
6
partie 166
poids
17
1
7
3
20
14
podium
4
2
1
partie 167
poids
23
2
7
1
29
8
podium
6
2
4
partie 168
poids
1
6
24
8
28
5
podium
6
1
2
partie 169
poids
3
13
1
6
25
18
podium
3
4
2
partie 170
poids
2
8
14
26
4
28
podium
1
5
2
partie 171
poids
28
2
2
7
27
7
podium
3
4
5
partie 172
poids
10
12
29
4
2
23
podium
5
1
2
partie 173
poids
4
23
5
14
12
27
podium
1
3
4
partie 174
poids
14
6
2
29
25
3
podium
2
3
6
partie 175
poids
12
14
21
3
30
3
podium
1
4
6
partie 176
poids
3
2
25
6
9
28
podium
1
2
6
partie 177
poids
30
8
5
26
14
3
podium
2
5
6
partie 178
poids
12
19
1
4
14
26
podium
1
4
3
partie 179
poids
1
18
14
7
21
1
podium
4
1
6
partie 180
poids
15
30
6
3
27
2
podium
4
3
5
partie 181
poids
15
5
14
19
17
1
podium
2
6
4
partie 182
poids
21
12
18
1
13
2
podium
2
4
6
partie 183
poids
3
19
6
2
15
26
podium
3
2
4
partie 184
poids
4
7
25
3
21
12
podium
4
6
1
partie 185
poids
8
2
17
6
26
5
podium
6
1
2
partie 186
poids
30
8
7
2
4
17
podium
3
5
2
partie 187
poids
3
18
5
12
8
20
podium
1
5
3
partie 188
poids
4
26
10
22
7
3
podium
1
6
4
partie 189
poids
24
13
1
10
4
28
podium
3
4
2
partie 190
poids
4
21
15
4
19
14
podium
4
6
3
partie 191
poids
14
27
17
2
6
5
podium
4
3
1
partie 192
poids
15
6
2
16
25
4
podium
3
2
6
partie 193
poids
17
13
5
15
23
1
podium
6
3
1
partie 194
poids
23
5
2
12
7
30
podium
5
2
1
partie 195
poids
22
5
6
10
4
24
podium
4
1
5
partie 196
poids
30
2
7
13
30
2
podium
2
6
5
partie 197
poids
30
3
9
19
5
12
podium
2
6
3
partie 198
poids
18
9
17
14
4
3
podium
5
2
4
partie 199
poids
2
15
8
30
30
5
podium
1
6
4
partie 200
poids
1
30
12
5
24
6
podium
1
5
3
partie 201
poids
21
7
9
3
1
30
podium
5
2
4
partie 202
poids
5
5
28
16
13
6
podium
1
3
6
partie 203
poids
12
3
19
1
22
10
podium
4
6
2
partie 204
poids
5
9
1
20
15
27
podium
3
1
4
partie 205
poids
26
2
13
5
30
15
podium
2
3
1
partie 206
poids
17
7
1
2
12
21
podium
4
3
1
partie 207
poids
2
13
5
27
8
28
podium
3
1
4
partie 208
poids
4
3
13
15
25
28
podium
6
4
2
partie 209
poids
30
1
8
22
3
7
podium
2
1
5
partie 210
poids
5
28
13
12
16
3
podium
5
6
4
partie 211
poids
15
26
8
19
3
4
podium
6
5
4
partie 212
poids
5
4
23
10
19
12
podium
6
1
4
partie 213
poids
2
23
8
5
13
30
podium
1
2
5
partie 214
poids
15
1
25
26
1
12
podium
2
5
6
partie 215
poids
12
15
1
21
27
2
podium
1
6
3
partie 216
poids
1
20
6
2
13
30
podium
4
2
1
partie 217
poids
30
1
7
1
21
8
podium
2
4
6
partie 218
poids
1
13
2
22
7
26
podium
3
1
5
partie 219
poids
15
4
10
23
17
4
podium
2
6
3
partie 220
poids
29
30
8
4
10
3
podium
4
3
6
partie 221
poids
8
3
24
3
12
17
podium
5
3
2
partie 222
poids
4
30
29
1
14
13
podium
4
6
1
partie 223
poids
5
5
22
9
24
8
podium
4
6
3
partie 224
poids
26
12
23
14
3
1
podium
6
5
4
partie 225
poids
20
15
24
6
3
1
podium
2
6
5
partie 226
poids
9
1
7
2
27
28
podium
2
1
3
partie 227
poids
8
1
20
14
27
4
podium
2
4
6
partie 228
poids
30
6
28
2
5
12
podium
2
6
5
partie 229
poids
26
15
2
12
4
23
podium
3
6
2
partie 230
poids
10
3
30
13
29
5
podium
2
1
3
partie 231
poids
2
12
12
18
4
20
podium
1
5
3
partie 232
poids
12
1
30
7
1
21
podium
2
1
5
partie 233
poids
9
28
4
16
7
3
podium
3
6
5
partie 234
poids
20
6
5
1
23
13
podium
4
2
3
partie 235
poids
3
18
2
14
24
12
podium
3
2
1
partie 236
poids
2
23
10
3
13
25
podium
1
5
4
partie 237
poids
1
6
16
3
9
20
podium
1
2
4
partie 238
poids
2
3
30
9
15
26
podium
1
5
2
partie 239
poids
7
16
5
13
4
26
podium
5
4
3
partie 240
poids
3
12
1
16
6
24
podium
3
6
5
partie 241
poids
24
1
8
6
30
4
podium
3
6
4
partie 242
poids
21
5
5
25
12
14
podium
2
5
6
partie 243
poids
28
12
19
5
4
12
podium
2
5
4
partie 244
poids
25
8
5
23
10
4
podium
3
4
6
partie 245
poids
7
1
6
24
26
1
podium
6
2
1
partie 246
poids
4
13
6
22
26
2
podium
6
5
1
partie 247
poids
27
20
9
2
10
5
podium
5
6
4
partie 248
poids
26
1
2
8
30
7
podium
4
3
2
partie 249
poids
2
30
28
5
12
9
podium
1
4
6
partie 250
poids
2
3
12
30
8
16
podium
2
3
1
partie 251
poids
18
9
2
16
13
3
podium
5
3
6
partie 252
poids
10
4
7
3
25
28
podium
4
2
5
partie 253
poids
12
19
7
26
1
2
podium
5
6
3
partie 254
poids
5
8
5
25
12
26
podium
1
3
4
partie 255
poids
13
2
20
1
12
18
podium
5
4
1
partie 256
poids
12
2
30
10
29
2
podium
1
6
3
partie 257
poids
18
3
23
8
9
4
podium
5
6
1
partie 258
poids
2
8
9
23
26
5
podium
6
1
3
partie 259
poids
2
25
5
9
8
26
podium
3
5
1
partie 260
poids
15
1
7
24
3
16
podium
5
2
3
partie 261
poids
15
21
5
6
4
26
podium
1
6
4
partie 262
poids
12
5
9
3
18
30
podium
4
6
2
partie 263
poids
12
1
2
8
28
26
podium
2
4
3
partie 264
poids
2
29
22
1
7
8
podium
1
4
5
partie 265
poids
2
7
1
17
27
7
podium
3
1
2
partie 266
poids
8
3
30
2
18
8
podium
6
1
2
partie 267
poids
21
3
3
13
24
9
podium
2
3
6
partie 268
poids
5
4
28
15
14
30
podium
6
2
4
partie 269
poids
25
1
21
14
13
4
podium
6
2
1
partie 270
poids
22
14
1
1
15
29
podium
3
5
4
partie 271
poids
5
14
1
25
9
27
podium
3
1
2
partie 272
poids
12
15
4
22
18
5
podium
6
3
2
partie 273
poids
6
13
1
5
26
29
podium
3
2
1
partie 274
poids
30
7
4
21
3
8
podium
5
2
1
partie 275
poids
2
19
1
8
9
17
podium
2
1
4
partie 276
poids
30
28
13
1
4
14
podium
5
4
6
partie 277
poids
9
24
2
7
25
3
podium
1
6
2
partie 278
poids
13
16
15
4
4
23
podium
3
4
2
partie 279
poids
3
21
14
2
30
6
podium
4
6
2
partie 280
poids
28
3
1
6
14
16
podium
3
2
4
partie 281
poids
26
2
10
3
6
29
podium
4
5
2
partie 282
poids
2
1
20
26
13
14
podium
1
2
6
partie 283
poids
5
12
7
26
1
23
podium
5
1
4
partie 284
poids
2
16
5
7
12
28
podium
5
4
3
partie 285
poids
1
22
15
27
4
9
podium
5
3
1
partie 286
poids
5
25
5
23
6
15
podium
4
6
5
partie 287
poids
5
7
7
30
29
5
podium
4
1
6
partie 288
poids
20
9
28
2
1
13
podium
5
4
2
partie 289
poids
2
2
13
12
29
26
podium
2
4
1
partie 290
poids
13
5
3
15
23
16
podium
3
2
5
partie 291
poids
1
4
15
13
26
17
podium
1
2
5
partie 292
poids
7
16
15
4
25
2
podium
4
6
1
partie 293
poids
10
16
9
4
29
1
podium
3
1
2
partie 294
poids
1
20
13
2
17
8
podium
4
1
3
partie 295
poids
12
13
4
28
24
3
podium
3
6
4
partie 296
poids
1
19
6
8
2
16
podium
5
1
2
partie 297
poids
28
6
15
1
19
4
podium
4
6
3
partie 298
poids
2
21
12
20
5
8
podium
4
3
1
partie 299
poids
10
6
2
19
3
30
podium
2
1
3
partie 300
poids
25
4
3
14
20
6
podium
2
6
3
partie 301
poids
3
9
2
21
12
19
podium
4
3
6
partie 302
poids
25
12
2
18
5
10
podium
3
5
4
partie 303
poids
4
4
6
25
14
24
podium
6
2
3
partie 304
poids
7
4
23
9
27
5
podium
2
3
6
partie 305
poids
19
14
13
3
26
3
podium
6
4
2
partie 306
poids
10
19
5
8
17
3
podium
5
3
1
partie 307
poids
9
3
20
4
19
8
podium
2
4
6
partie 308
poids
1
18
30
4
7
13
podium
1
6
4
partie 309
poids
22
2
7
16
3
14
podium
5
2
6
partie 310
poids
1
10
5
8
20
28
podium
3
1
2
partie 311
poids
24
7
13
22
5
3
podium
5
2
6
partie 312
poids
17
12
29
3
1
12
podium
4
5
3
partie 313
poids
26
15
1
30
8
5
podium
6
2
5
partie 314
poids
15
17
1
21
13
1
podium
6
1
3
partie 315
poids
14
21
15
2
5
20
podium
4
1
5
partie 316
poids
1
3
7
30
13
27
podium
1
5
2
partie 317
poids
2
16
4
14
15
21
podium
1
3
6
partie 318
poids
12
5
19
15
16
1
podium
6
5
2
partie 319
poids
20
2
14
10
3
22
podium
5
1
2
partie 320
poids
12
21
18
3
13
3
podium
6
4
1
partie 321
poids
1
21
24
13
8
1
podium
5
2
1
partie 322
poids
17
1
9
28
6
4
podium
6
2
5
partie 323
poids
22
4
22
7
10
3
podium
3
6
4
partie 324
poids
2
17
30
5
7
12
podium
1
4
5
partie 325
poids
3
15
24
14
2
18
podium
5
1
2
partie 326
poids
24
12
29
3
8
2
podium
4
5
6
partie 327
poids
2
17
3
15
26
14
podium
1
2
3
partie 328
poids
7
12
1
26
30
4
podium
3
1
2
partie 329
poids
13
10
1
25
24
2
podium
3
1
6
partie 330
poids
7
4
2
23
14
29
podium
3
2
4
partie 331
poids
9
27
2
30
6
3
podium
5
6
3
partie 332
poids
13
14
1
17
3
23
podium
1
6
5
partie 333
poids
3
12
29
3
10
16
podium
1
4
5
partie 334
poids
18
10
9
1
25
1
podium
4
6
2
partie 335
poids
2
30
28
1
13
10
podium
4
1
6
partie 336
poids
24
8
3
3
8
17
podium
3
4
2
partie 337
poids
1
4
12
21
10
16
podium
1
6
2
partie 338
poids
25
3
7
22
5
13
podium
2
5
6
partie 339
poids
13
3
17
3
28
10
podium
3
2
4
partie 340
poids
28
4
21
12
9
3
podium
4
6
2
partie 341
poids
8
1
21
30
3
13
podium
5
2
3
partie 342
poids
12
4
1
28
10
26
podium
3
2
6
partie 343
poids
20
8
30
4
13
3
podium
5
4
6
partie 344
poids
8
14
21
1
30
1
podium
6
4
3
partie 345
poids
1
15
3
18
30
7
podium
1
3
2
partie 346
poids
14
26
8
1
29
4
podium
6
4
3
partie 347
poids
2
30
14
30
2
12
podium
1
5
6
partie 348
poids
1
30
7
28
8
1
podium
2
1
3
partie 349
poids
1
5
7
15
25
16
podium
1
4
6
partie 350
poids
24
7
13
3
5
30
podium
5
3
4
partie 351
poids
5
7
4
29
17
12
podium
2
1
4
partie 352
poids
10
13
1
29
3
20
podium
5
3
2
partie 353
poids
25
2
8
26
5
6
podium
2
6
4
partie 354
poids
10
1
22
15
21
5
podium
5
2
3
partie 355
poids
16
3
8
1
20
12
podium
4
5
6
partie 356
poids
25
5
24
9
7
1
podium
2
4
6
partie 357
poids
13
28
1
8
2
30
podium
5
3
6
partie 358
poids
2
20
9
19
12
5
podium
6
1
3
partie 359
poids
4
26
9
14
19
3
podium
2
1
6
partie 360
poids
14
20
2
4
25
10
podium
2
4
3
partie 361
poids
30
7
2
27
1
6
podium
6
3
5
partie 362
poids
14
4
5
7
23
17
podium
3
2
5
partie 363
poids
13
17
1
4
30
12
podium
3
5
6
partie 364
poids
18
13
13
18
2
4
podium
5
6
2
partie 365
poids
4
12
30
9
21
5
podium
5
6
1
partie 366
poids
6
4
8
16
2
19
podium
5
2
1
partie 367
poids
14
5
3
6
22
29
podium
5
4
3
partie 368
poids
30
30
8
5
5
8
podium
5
6
3
partie 369
poids
15
22
13
1
21
2
podium
6
4
3
partie 370
poids
3
3
18
7
21
6
podium
2
1
3
partie 371
poids
7
18
1
6
5
26
podium
3
5
4
partie 372
poids
29
13
15
2
3
26
podium
5
4
6
partie 373
poids
7
15
3
24
5
19
podium
3
5
1
partie 374
poids
5
9
15
5
21
18
podium
2
4
3
partie 375
poids
18
14
24
12
5
2
podium
5
6
2
partie 376
poids
16
3
6
4
23
7
podium
3
6
2
partie 377
poids
18
4
14
7
3
16
podium
2
5
4
partie 378
poids
15
27
20
4
10
2
podium
5
3
2
partie 379
poids
5
27
9
20
1
13
podium
5
6
2
partie 380
poids
22
9
16
2
12
3
podium
6
4
5
partie 381
poids
2
1
28
6
7
26
podium
2
4
1
partie 382
poids
23
16
5
8
3
9
podium
2
5
6
partie 383
poids
16
16
3
15
2
12
podium
5
3
1
partie 384
poids
13
7
3
28
19
1
podium
2
6
3
partie 385
poids
14
16
23
4
2
6
podium
6
3
5
partie 386
poids
12
1
27
4
18
15
podium
2
1
4
partie 387
poids
18
8
1
26
10
2
podium
3
6
4
partie 388
poids
21
9
3
3
9
30
podium
3
4
2
partie 389
poids
10
3
19
5
17
7
podium
2
1
4
partie 390
poids
14
5
27
20
2
6
podium
5
6
1
partie 391
poids
1
22
12
27
8
4
podium
1
5
6
partie 392
poids
15
16
4
6
4
16
podium
5
3
4
partie 393
poids
15
19
12
1
3
20
podium
2
5
4
partie 394
poids
10
30
3
6
2
19
podium
5
1
6
partie 395
poids
16
15
8
2
1
19
podium
5
4
3
partie 396
poids
2
30
5
15
8
24
podium
1
4
3
partie 397
poids
14
18
9
29
1
4
podium
5
6
3
partie 398
poids
4
27
14
1
13
29
podium
4
5
1
partie 399
poids
20
4
7
1
14
29
podium
3
4
6
partie 400
poids
14
14
5
2
19
22
podium
5
3
4
partie 401
poids
25
21
9
9
3
4
podium
4
5
6
partie 402
poids
22
5
12
25
4
6
podium
2
6
5
partie 403
poids
30
8
8
21
1
5
podium
5
6
2
partie 404
poids
13
21
7
22
1
2
podium
5
6
2
partie 405
poids
12
5
4
23
26
13
podium
3
2
6
partie 406
poids
16
13
1
23
14
2
podium
5
3
6
partie 407
poids
12
3
5
24
7
19
podium
2
1
5
partie 408
poids
24
10
19
3
8
3
podium
3
6
4
partie 409
poids
10
14
25
4
18
1
podium
6
4
1
partie 410
poids
8
20
2
6
28
3
podium
6
3
4
partie 411
poids
1
15
21
9
16
3
podium
1
6
3
partie 412
poids
8
26
30
14
4
4
podium
5
1
6
partie 413
poids
6
20
5
14
21
5
podium
3
6
4
partie 414
poids
21
6
4
8
30
4
podium
4
3
6
partie 415
poids
13
2
8
17
3
21
podium
2
5
3
partie 416
poids
4
8
7
2
23
24
podium
1
5
3
partie 417
poids
1
21
2
7
25
13
podium
1
3
2
partie 418
poids
24
2
7
21
14
2
podium
2
6
3
partie 419
poids
5
3
18
14
16
9
podium
2
6
1
partie 420
poids
14
3
13
22
26
2
podium
3
2
1
partie 421
poids
2
7
14
4
21
17
podium
1
4
6
partie 422
poids
20
30
14
6
5
1
podium
6
3
5
partie 423
poids
21
2
8
1
14
30
podium
2
3
4
partie 424
poids
10
21
21
4
8
1
podium
1
4
6
partie 425
poids
13
5
12
20
4
21
podium
4
5
6
partie 426
poids
3
16
13
4
23
14
podium
4
5
2
partie 427
poids
14
1
26
19
13
1
podium
2
6
5
partie 428
poids
20
1
8
4
9
24
podium
2
4
3
partie 429
poids
18
13
2
3
7
29
podium
3
4
2
partie 430
poids
15
2
10
5
26
20
podium
2
4
6
partie 431
poids
6
26
4
9
3
21
podium
4
5
6
partie 432
poids
10
3
30
26
14
3
podium
1
2
6
partie 433
poids
3
1
13
21
25
10
podium
2
1
4
partie 434
poids
8
23
1
4
6
25
podium
4
1
5
partie 435
poids
5
7
27
2
13
19
podium
1
4
3
partie 436
poids
3
18
6
16
1
15
podium
5
1
3
partie 437
poids
2
12
6
22
30
5
podium
1
3
6
partie 438
poids
8
24
3
14
3
25
podium
5
3
6
partie 439
poids
5
20
5
15
15
24
podium
3
5
2
partie 440
poids
19
2
2
12
9
17
podium
3
1
2
partie 441
poids
26
3
24
15
2
15
podium
5
4
2
partie 442
poids
15
4
24
1
17
12
podium
2
5
4
partie 443
poids
4
5
15
21
6
30
podium
1
4
6
partie 444
poids
30
23
1
6
13
1
podium
3
6
5
partie 445
poids
23
5
25
1
14
7
podium
4
2
1
partie 446
poids
13
15
1
21
4
21
podium
3
5
2
partie 447
poids
4
9
10
3
17
25
podium
1
4
5
partie 448
poids
8
23
2
29
13
1
podium
3
6
2
partie 449
poids
7
4
3
10
16
26
podium
1
3
5
partie 450
poids
24
7
12
16
2
5
podium
5
2
6
partie 451
poids
13
13
16
1
19
2
podium
4
6
3
partie 452
poids
3
30
4
16
12
9
podium
5
1
3
partie 453
poids
7
6
23
3
3
20
podium
4
5
2
partie 454
poids
21
4
13
27
1
6
podium
6
5
4
partie 455
poids
12
24
10
19
5
1
podium
6
5
1
partie 456
poids
21
15
1
7
3
21
podium
3
5
4
partie 457
poids
2
16
30
4
6
7
podium
1
6
4
partie 458
poids
18
9
15
4
3
30
podium
6
2
4
partie 459
poids
7
28
12
3
1
30
podium
5
4
1
partie 460
poids
13
27
2
14
26
1
podium
6
3
1
partie 461
poids
4
30
7
27
7
3
podium
6
5
1
partie 462
poids
24
25
7
5
4
13
podium
4
6
5
partie 463
poids
21
12
3
2
15
23
podium
4
3
5
partie 464
poids
28
26
8
1
7
1
podium
4
2
6
partie 465
poids
4
26
28
5
14
9
podium
4
3
6
partie 466
poids
4
21
2
13
21
7
podium
3
6
4
partie 467
poids
9
4
12
22
5
16
podium
2
5
3
partie 468
poids
5
6
1
21
9
16
podium
5
3
2
partie 469
poids
28
15
3
9
3
24
podium
3
2
5
partie 470
poids
13
1
26
15
27
2
podium
6
2
1
partie 471
poids
3
5
7
24
21
9
podium
1
3
6
partie 472
poids
23
1
30
6
13
2
podium
6
2
5
partie 473
poids
27
4
13
1
30
13
podium
4
2
1
partie 474
poids
13
1
3
28
29
12
podium
2
3
1
partie 475
poids
17
15
19
4
3
10
podium
5
4
6
partie 476
poids
28
18
1
8
8
2
podium
3
6
1
partie 477
poids
2
29
15
7
2
30
podium
1
3
6
partie 478
poids
5
14
18
30
4
7
podium
5
2
1
partie 479
poids
28
22
7
14
5
4
podium
5
6
2
partie 480
poids
6
28
4
4
8
29
podium
1
4
3
partie 481
poids
4
23
6
6
2
18
podium
5
1
4
partie 482
poids
15
3
8
16
24
1
podium
2
4
6
partie 483
poids
18
18
15
12
1
5
podium
5
3
4
partie 484
poids
2
7
21
10
2
26
podium
4
1
5
partie 485
poids
3
19
7
5
13
21
podium
4
1
2
partie 486
poids
13
10
4
25
1
24
podium
5
3
4
partie 487
poids
2
8
19
12
16
2
podium
6
1
2
partie 488
poids
5
2
13
29
8
27
podium
2
5
3
partie 489
poids
15
20
13
2
5
16
podium
1
4
5
partie 490
poids
16
13
15
30
1
2
podium
4
5
6
partie 491
poids
13
17
1
28
5
7
podium
5
3
1
partie 492
poids
13
12
1
23
3
23
podium
2
3
1
partie 493
poids
2
5
30
8
24
10
podium
1
6
2
partie 494
poids
3
28
3
12
14
19
podium
5
3
4
partie 495
poids
22
22
4
9
4
15
podium
3
5
6
partie 496
poids
12
18
13
4
3
26
podium
4
5
1
partie 497
poids
5
2
13
6
23
16
podium
2
1
3
partie 498
poids
21
12
1
27
10
2
podium
5
3
6
partie 499
poids
19
30
12
12
4
2
podium
5
6
4
partie 500
poids
25
7
4
15
3
20
podium
2
1
3
partie 501
poids
18
2
8
13
22
5
podium
6
2
3
partie 502
poids
12
24
3
30
1
8
podium
3
5
6
partie 503
poids
5
3
13
12
29
18
podium
2
6
1
partie 504
poids
16
12
26
13
4
3
podium
3
1
5
partie 505
poids
6
30
4
5
13
21
podium
3
2
4
partie 506
poids
2
26
13
1
14
28
podium
1
4
3
partie 507
poids
5
2
8
12
23
16
podium
2
1
3
partie 508
poids
2
16
4
13
20
13
podium
1
2
3
partie 509
poids
9
3
22
24
2
7
podium
2
4
6
partie 510
poids
29
14
2
18
4
6
podium
3
6
5
partie 511
poids
19
9
21
7
3
3
podium
4
5
6
partie 512
poids
4
14
24
30
3
12
podium
1
5
4
partie 513
poids
10
4
5
15
23
17
podium
2
3
6
partie 514
poids
20
2
25
7
12
3
podium
2
5
6
partie 515
poids
27
24
6
13
4
4
podium
5
6
3
partie 516
poids
25
4
16
8
13
5
podium
2
6
5
partie 517
poids
1
14
10
29
23
1
podium
6
1
4
partie 518
poids
3
13
3
18
21
14
podium
3
2
4
partie 519
poids
1
7
26
15
29
2
podium
1
6
2
partie 520
poids
7
2
21
16
4
10
podium
2
6
1
partie 521
poids
28
5
2
21
15
8
podium
3
1
5
partie 522
poids
30
18
13
4
2
10
podium
5
4
6
partie 523
poids
3
21
8
7
18
5
podium
1
6
5
partie 524
poids
7
2
4
14
20
30
podium
3
2
4
partie 525
poids
2
26
15
5
9
26
podium
1
5
4
partie 526
poids
10
12
3
19
30
5
podium
6
2
3
partie 527
poids
4
26
8
22
8
2
podium
1
4
5
partie 528
poids
27
8
3
21
12
2
podium
6
3
2
partie 529
poids
1
30
7
21
14
3
podium
1
6
4
partie 530
poids
20
3
7
6
3
22
podium
4
3
2
partie 531
poids
19
1
2
15
27
12
podium
3
2
6
partie 532
poids
26
21
1
4
8
9
podium
3
2
6
partie 533
poids
27
4
13
6
26
2
podium
6
1
4
partie 534
poids
20
15
1
30
3
14
podium
3
5
4
partie 535
poids
2
2
14
13
25
19
podium
1
2
4
partie 536
poids
30
8
24
2
6
4
podium
1
4
5
partie 537
poids
14
30
4
9
25
1
podium
3
6
4
partie 538
poids
16
7
8
30
3
4
podium
5
6
2
partie 539
poids
1
10
3
14
28
30
podium
1
2
4
partie 540
poids
3
10
20
26
1
12
podium
5
4
1
partie 541
poids
26
5
4
15
19
10
podium
3
2
1
partie 542
poids
3
13
27
17
3
12
podium
3
2
5
partie 543
poids
17
12
27
1
12
5
podium
4
2
6
partie 544
poids
12
5
27
21
5
15
podium
5
1
2
partie 545
poids
9
20
6
2
3
24
podium
4
1
2
partie 546
poids
18
1
3
24
6
15
podium
2
4
3
partie 547
poids
26
22
2
8
15
1
podium
6
3
4
partie 548
poids
1
8
18
19
14
4
podium
1
6
5
partie 549
poids
8
3
13
28
4
25
podium
5
4
3
partie 550
poids
17
1
15
23
10
4
podium
2
5
4
partie 551
poids
4
22
2
19
7
14
podium
3
5
2
partie 552
poids
28
3
7
30
9
3
podium
2
6
3
partie 553
poids
12
27
10
4
5
26
podium
4
2
3
partie 554
poids
12
5
22
18
3
8
podium
2
4
5
partie 555
poids
8
13
4
25
1
28
podium
5
3
1
partie 556
poids
27
4
3
9
19
7
podium
2
3
6
partie 557
poids
1
16
16
1
12
15
podium
4
5
1
partie 558
poids
3
26
12
22
15
1
podium
6
1
5
partie 559
poids
15
3
8
19
26
2
podium
4
2
6
partie 560
poids
20
14
1
30
4
9
podium
3
2
5
partie 561
poids
4
3
26
10
21
14
podium
1
4
2
partie 562
poids
2
15
6
27
24
3
podium
2
6
1
partie 563
poids
29
1
13
1
24
9
podium
4
2
6
partie 564
poids
29
1
1
8
15
30
podium
2
3
4
partie 565
poids
3
25
12
8
20
2
podium
6
1
5
partie 566
poids
22
9
2
5
16
7
podium
4
3
5
partie 567
poids
14
7
18
1
29
5
podium
4
2
3
partie 568
poids
10
27
26
14
4
3
podium
6
5
1
partie 569
poids
14
28
4
17
8
5
podium
6
3
2
partie 570
poids
5
28
12
24
3
10
podium
6
1
5
partie 571
poids
5
7
4
17
9
25
podium
1
5
4
partie 572
poids
13
15
22
1
1
29
podium
5
4
2
partie 573
poids
5
7
2
9
29
26
podium
4
3
2
partie 574
poids
17
12
6
1
3
22
podium
4
6
5
partie 575
poids
21
4
16
10
7
1
podium
6
4
5
partie 576
poids
16
5
26
13
3
14
podium
2
6
5
partie 577
poids
4
4
29
21
7
10
podium
1
2
4
partie 578
poids
21
2
7
2
30
14
podium
4
2
3
partie 579
poids
1
12
29
4
10
25
podium
4
1
3
partie 580
poids
22
5
5
18
13
9
podium
3
5
2
partie 581
poids
29
3
9
15
18
5
podium
3
5
2
partie 582
poids
9
23
2
2
17
14
podium
4
1
3
partie 583
poids
27
4
18
8
3
8
podium
2
5
1
partie 584
poids
5
19
4
10
21
7
podium
3
6
2
partie 585
poids
12
24
4
19
13
1
podium
6
2
3
partie 586
poids
6
24
8
4
30
3
podium
6
2
4
partie 587
poids
13
5
30
17
8
3
podium
2
6
5
partie 588
poids
3
18
15
4
13
28
podium
1
4
5
partie 589
poids
8
22
18
1
4
12
podium
4
5
6
partie 590
poids
6
4
8
30
28
3
podium
2
3
6
partie 591
poids
9
16
2
3
15
17
podium
3
4
1
partie 592
poids
10
2
1
22
26
13
podium
3
2
6
partie 593
poids
3
18
3
28
13
7
podium
6
3
2
partie 594
poids
5
4
26
28
7
15
podium
2
1
3
partie 595
poids
2
15
4
13
18
26
podium
1
3
4
partie 596
poids
8
25
4
14
4
24
podium
4
1
3
partie 597
poids
25
10
4
30
3
13
podium
4
5
3
partie 598
poids
24
21
3
9
5
10
podium
3
5
2
partie 599
poids
19
1
1
30
9
12
podium
5
3
2
partie 600
poids
21
9
9
3
16
4
podium
4
5
3
partie 601
poids
5
4
28
10
30
14
podium
5
3
1
partie 602
poids
15
3
24
21
12
4
podium
6
4
2
partie 603
poids
25
30
1
5
9
6
podium
5
4
3
partie 604
poids
29
12
7
4
30
3
podium
3
6
5
partie 605
poids
15
29
12
1
5
17
podium
4
2
3
partie 606
poids
10
12
30
27
2
4
podium
5
6
1
partie 607
poids
2
12
15
25
4
16
podium
2
3
1
partie 608
poids
12
19
5
9
30
2
podium
6
3
4
partie 609
poids
2
26
27
8
13
4
podium
1
6
4
partie 610
poids
2
13
1
26
15
30
podium
1
3
6
partie 611
poids
8
24
2
9
18
1
podium
4
6
3
partie 612
poids
22
14
29
4
9
2
podium
6
2
5
partie 613
poids
3
17
5
7
14
26
podium
4
1
3
partie 614
poids
4
5
10
30
13
22
podium
1
3
6
partie 615
poids
17
19
15
13
3
5
podium
5
6
3
partie 616
poids
7
30
4
3
30
10
podium
4
3
6
partie 617
poids
2
4
13
21
27
6
podium
1
2
3
partie 618
poids
3
6
27
5
23
8
podium
5
4
6
partie 619
poids
24
6
12
24
4
5
podium
6
5
2
partie 620
poids
29
14
21
2
1
8
podium
4
5
6
partie 621
poids
15
10
22
4
30
2
podium
6
5
4
partie 622
poids
4
3
12
25
30
13
podium
2
3
1
partie 623
poids
3
7
21
19
10
4
podium
1
6
2
partie 624
poids
3
13
23
4
20
7
podium
4
6
1
partie 625
poids
23
2
13
10
5
18
podium
2
5
4
partie 626
poids
30
21
4
4
9
8
podium
4
3
5
partie 627
poids
13
4
5
22
10
27
podium
5
2
3
partie 628
poids
8
19
29
10
1
1
podium
5
6
1
partie 629
poids
12
28
9
21
2
4
podium
1
5
6
partie 630
poids
20
5
13
2
26
14
podium
2
4
1
partie 631
poids
1
5
12
7
27
18
podium
6
4
3
partie 632
poids
13
4
30
22
7
5
podium
2
5
4
partie 633
poids
12
25
1
28
5
12
podium
3
5
4
partie 634
poids
30
3
27
9
13
4
podium
5
4
6
partie 635
poids
6
24
8
21
4
1
podium
6
4
5
partie 636
poids
9
30
5
17
9
2
podium
6
1
5
partie 637
poids
24
8
1
7
4
21
podium
3
5
4
partie 638
poids
22
5
8
25
2
14
podium
6
5
4
partie 639
poids
4
13
4
28
12
16
podium
1
2
5
partie 640
poids
4
7
24
15
20
2
podium
6
3
1
partie 641
poids
1
5
28
7
12
19
podium
1
2
5
partie 642
poids
3
26
8
10
25
2
podium
6
1
3
partie 643
poids
30
7
12
3
3
30
podium
4
5
2
partie 644
poids
4
28
1
15
7
22
podium
1
3
5
partie 645
poids
4
10
5
6
27
16
podium
2
6
3
partie 646
poids
7
14
21
28
3
4
podium
6
2
5
partie 647
poids
5
25
15
17
12
5
podium
6
1
5
partie 648
poids
25
17
4
1
6
9
podium
4
3
6
partie 649
poids
1
10
7
22
23
1
podium
3
1
6
partie 650
poids
26
2
23
15
12
5
podium
2
6
5
partie 651
poids
2
13
30
25
3
7
podium
5
6
1
partie 652
poids
1
30
23
5
14
7
podium
2
1
4
partie 653
poids
21
2
7
20
12
4
podium
6
1
5
partie 654
poids
4
9
22
2
9
29
podium
4
1
3
partie 655
poids
17
8
5
3
26
14
podium
4
2
3
partie 656
poids
3
13
8
21
3
19
podium
1
3
2
partie 657
poids
24
26
2
2
8
7
podium
4
3
5
partie 658
poids
5
12
21
23
7
1
podium
6
1
2
partie 659
poids
10
4
6
23
1
28
podium
5
2
3
partie 660
poids
28
13
14
2
2
17
podium
4
5
3
partie 661
poids
30
14
20
4
5
6
podium
4
3
6
partie 662
poids
1
24
25
5
6
12
podium
3
1
4
partie 663
poids
6
4
3
25
26
13
podium
5
6
3
partie 664
poids
7
13
4
22
19
3
podium
6
3
1
partie 665
poids
2
2
17
26
13
15
podium
3
2
1
partie 666
poids
2
3
7
10
29
22
podium
3
2
1
partie 667
poids
28
23
5
8
5
14
podium
6
5
3
partie 668
poids
15
3
8
18
3
21
podium
1
4
5
partie 669
poids
3
20
12
13
22
4
podium
1
3
6
partie 670
poids
20
9
5
15
22
2
podium
1
3
2
partie 671
poids
1
27
10
9
2
19
podium
5
1
3
partie 672
poids
25
21
2
7
8
2
podium
4
6
3
partie 673
poids
4
30
9
26
8
3
podium
6
3
1
partie 674
poids
5
9
4
17
30
6
podium
3
4
6
partie 675
poids
28
3
20
13
15
1
podium
6
4
2
partie 676
poids
19
1
2
9
25
15
podium
2
6
4
partie 677
poids
12
1
2
8
30
20
podium
2
3
6
partie 678
poids
18
1
15
3
8
19
podium
2
4
5
partie 679
poids
12
22
4
20
5
9
podium
3
1
6
partie 680
poids
2
1
24
30
10
6
podium
1
2
5
partie 681
poids
5
17
28
7
14
4
podium
1
6
4
partie 682
poids
13
13
3
1
21
20
podium
3
4
2
partie 683
poids
6
23
30
10
2
1
podium
6
5
1
partie 684
poids
3
22
3
18
12
10
podium
1
3
4
partie 685
poids
3
7
17
22
3
7
podium
1
2
5
partie 686
poids
3
30
16
8
2
12
podium
1
4
5
partie 687
poids
8
15
25
3
2
26
podium
5
4
1
partie 688
poids
1
13
7
20
1
24
podium
1
5
3
partie 689
poids
2
3
21
25
12
15
podium
4
2
1
partie 690
poids
19
4
12
26
15
3
podium
3
2
6
partie 691
poids
7
23
1
25
2
9
podium
6
4
1
partie 692
poids
13
19
1
30
8
4
podium
3
6
2
partie 693
poids
6
2
26
14
26
1
podium
1
6
2
partie 694
poids
7
15
1
17
19
4
podium
2
3
6
partie 695
poids
25
30
15
13
1
3
podium
5
3
2
partie 696
poids
2
3
24
10
14
23
podium
2
1
4
partie 697
poids
1
7
7
19
18
3
podium
3
1
2