partie 1
poids
21
17
4
5
12
15
podium
4
3
5
partie 2
poids
24
4
14
7
5
28
podium
2
5
4
partie 3
poids
8
1
18
9
2
30
podium
5
2
1
partie 4
poids
5
3
29
30
15
12
podium
6
2
1
partie 5
poids
1
24
30
8
3
8
podium
1
5
2
partie 6
poids
15
2
4
20
27
6
podium
2
6
5
partie 7
poids
6
23
25
2
14
2
podium
4
1
6
partie 8
poids
26
5
14
5
13
22
podium
2
4
3
partie 9
poids
5
1
13
16
27
15
podium
2
1
5
partie 10
poids
23
1
2
20
13
15
podium
3
2
5
partie 11
poids
15
13
26
19
2
3
podium
5
1
6
partie 12
poids
1
1
7
14
19
23
podium
1
2
3
partie 13
poids
10
12
19
4
1
21
podium
5
1
4
partie 14
poids
19
30
15
2
9
2
podium
4
6
3
partie 15
poids
9
5
16
22
4
13
podium
6
5
3
partie 16
poids
26
14
3
24
2
12
podium
6
3
5
partie 17
poids
8
4
30
3
16
13
podium
1
4
2
partie 18
poids
12
8
1
19
18
3
podium
3
5
1
partie 19
poids
7
17
1
19
7
2
podium
3
2
5
partie 20
poids
2
21
12
15
23
1
podium
6
1
2
partie 21
poids
16
5
4
8
27
8
podium
6
2
3
partie 22
poids
19
30
1
13
9
3
podium
5
3
1
partie 23
poids
16
1
4
9
14
22
podium
2
5
6
partie 24
poids
18
4
25
7
9
5
podium
4
2
6
partie 25
poids
27
19
5
12
4
9
podium
5
3
6
partie 26
poids
19
13
3
6
21
4
podium
6
3
4
partie 27
poids
2
8
4
23
17
13
podium
5
1
3
partie 28
poids
6
26
29
1
8
5
podium
4
1
6
partie 29
poids
5
3
20
8
18
15
podium
4
2
1
partie 30
poids
20
12
3
3
13
24
podium
4
3
6
partie 31
poids
13
12
21
5
21
4
podium
4
6
2
partie 32
poids
5
18
8
28
1
6
podium
4
5
6
partie 33
poids
26
5
14
2
25
13
podium
4
2
5
partie 34
poids
1
12
1
9
25
28
podium
3
1
4
partie 35
poids
3
6
21
17
5
14
podium
4
1
6
partie 36
poids
1
2
24
6
17
8
podium
1
6
2
partie 37
poids
20
1
5
6
30
15
podium
4
3
2
partie 38
poids
16
17
6
2
3
6
podium
5
6
2
partie 39
poids
10
13
2
4
17
20
podium
1
4
2
partie 40
poids
2
13
13
28
3
18
podium
3
5
1
partie 41
poids
28
12
5
30
5
9
podium
3
5
6
partie 42
poids
27
15
16
6
5
2
podium
4
6
5
partie 43
poids
19
5
12
24
3
8
podium
5
2
1
partie 44
poids
29
13
27
8
3
1
podium
6
5
4
partie 45
poids
25
5
15
3
25
9
podium
2
4
6
partie 46
poids
29
9
3
10
21
4
podium
5
4
6
partie 47
poids
6
4
9
19
3
29
podium
2
1
5
partie 48
poids
18
5
13
7
26
4
podium
6
5
3
partie 49
poids
9
4
17
16
8
4
podium
5
6
1
partie 50
poids
6
23
17
9
4
1
podium
1
3
4
partie 51
poids
10
3
19
14
2
18
podium
5
1
6
partie 52
poids
6
14
18
24
5
3
podium
3
6
5
partie 53
poids
15
5
27
8
26
3
podium
6
5
2
partie 54
poids
21
12
14
2
3
25
podium
5
4
1
partie 55
poids
2
9
8
5
27
19
podium
4
5
2
partie 56
poids
10
17
30
3
3
15
podium
4
5
1
partie 57
poids
2
30
5
15
25
9
podium
1
3
5
partie 58
poids
13
4
1
9
26
19
podium
3
4
2
partie 59
poids
3
21
3
13
30
15
podium
4
3
1
partie 60
poids
5
30
5
10
30
8
podium
2
6
1
partie 61
poids
13
4
1
23
26
9
podium
3
5
1
partie 62
poids
5
12
3
8
19
27
podium
5
3
4
partie 63
poids
21
22
7
2
6
4
podium
6
4
2
partie 64
poids
3
13
8
1
28
30
podium
1
4
3
partie 65
poids
7
9
1
20
27
2
podium
3
1
6
partie 66
poids
3
2
25
7
15
21
podium
2
4
5
partie 67
poids
2
5
21
8
13
23
podium
2
1
3
partie 68
poids
4
4
9
20
15
18
podium
1
4
2
partie 69
poids
26
8
25
1
8
2
podium
6
2
4
partie 70
poids
21
12
4
8
28
1
podium
6
3
1
partie 71
poids
28
1
1
9
29
14
podium
3
4
2
partie 72
poids
8
24
4
3
22
15
podium
3
4
1
partie 73
poids
21
4
1
7
16
13
podium
3
4
1
partie 74
poids
9
27
1
20
14
5
podium
6
3
1
partie 75
poids
25
30
2
15
3
13
podium
3
5
4
partie 76
poids
22
13
3
12
4
30
podium
6
4
3
partie 77
poids
16
4
25
15
8
4
podium
2
4
6
partie 78
poids
4
28
19
12
1
8
podium
5
1
6
partie 79
poids
6
25
5
26
15
4
podium
1
3
5
partie 80
poids
24
14
1
24
2
14
podium
1
3
5
partie 81
poids
1
20
6
5
13
23
podium
1
5
3
partie 82
poids
20
8
12
28
4
1
podium
6
1
5
partie 83
poids
13
8
1
1
30
29
podium
2
3
4
partie 84
poids
13
27
13
5
3
19
podium
5
1
3
partie 85
poids
19
4
1
15
28
14
podium
3
1
2
partie 86
poids
15
12
20
2
1
25
podium
5
4
3
partie 87
poids
5
17
25
4
7
9
podium
1
4
6
partie 88
poids
12
15
26
4
5
29
podium
5
2
4
partie 89
poids
2
15
23
4
20
7
podium
4
1
2
partie 90
poids
5
20
24
9
7
1
podium
6
1
4
partie 91
poids
2
7
25
8
1
19
podium
5
6
1
partie 92
poids
21
1
3
19
8
12
podium
5
3
2
partie 93
poids
26
5
7
1
15
28
podium
5
4
2
partie 94
poids
3
2
21
13
10
22
podium
3
2
4
partie 95
poids
21
5
14
4
13
29
podium
2
6
4
partie 96
poids
27
4
4
19
14
7
podium
2
4
3
partie 97
poids
3
4
8
21
17
7
podium
2
6
3
partie 98
poids
13
1
5
18
23
8
podium
2
3
5
partie 99
poids
3
26
8
1
7
16
podium
4
1
6
partie 100
poids
20
13
2
2
10
22
podium
5
4
2
partie 101
poids
25
28
12
5
7
4
podium
4
6
5
partie 102
poids
20
2
17
9
5
6
podium
6
2
1
partie 103
poids
2
9
3
15
18
22
podium
3
1
6
partie 104
poids
13
16
18
7
4
1
podium
6
1
5
partie 105
poids
15
2
6
20
16
1
podium
4
6
2
partie 106
poids
5
13
5
26
21
7
podium
5
6
1
partie 107
poids
30
15
10
18
1
1
podium
5
6
3
partie 108
poids
23
12
1
4
29
10
podium
3
2
4
partie 109
poids
12
3
7
20
30
4
podium
3
6
4
partie 110
poids
17
13
5
27
3
15
podium
4
2
3
partie 111
poids
8
30
4
3
14
24
podium
4
5
3
partie 112
poids
9
30
13
26
4
1
podium
6
1
5
partie 113
poids
8
28
18
4
15
4
podium
4
5
2
partie 114
poids
26
13
3
4
9
29
podium
4
3
6
partie 115
poids
13
1
21
26
5
10
podium
3
2
1
partie 116
poids
23
1
29
3
9
8
podium
4
2
6
partie 117
poids
27
23
2
9
13
4
podium
3
5
4
partie 118
poids
7
17
9
1
30
4
podium
4
5
1
partie 119
poids
21
1
5
20
7
7
podium
2
5
1
partie 120
poids
20
5
14
2
26
10
podium
6
2
3
partie 121
poids
6
3
13
5
20
22
podium
2
4
3
partie 122
poids
15
3
1
7
30
18
podium
2
4
3
partie 123
poids
5
12
16
25
6
3
podium
6
5
2
partie 124
poids
6
3
12
28
16
1
podium
2
6
5
partie 125
poids
10
6
30
3
2
24
podium
5
4
1
partie 126
poids
1
9
29
2
25
14
podium
1
4
6
partie 127
poids
8
22
1
8
30
2
podium
3
6
1
partie 128
poids
3
16
13
14
4
20
podium
1
5
4
partie 129
poids
1
7
5
13
23
18
podium
1
3
5
partie 130
poids
3
20
3
6
30
6
podium
2
4
1
partie 131
poids
3
23
15
29
9
2
podium
1
6
3
partie 132
poids
3
6
2
14
29
26
podium
3
4
1
partie 133
poids
10
22
19
3
14
3
podium
4
1
2
partie 134
poids
7
22
12
30
3
5
podium
3
1
5
partie 135
poids
19
15
28
5
1
12
podium
4
3
5
partie 136
poids
3
7
21
27
5
14
podium
2
3
1
partie 137
poids
30
12
12
4
1
30
podium
5
2
3
partie 138
poids
14
1
6
27
16
4
podium
2
5
6
partie 139
poids
2
15
28
4
12
26
podium
1
2
4
partie 140
poids
7
15
22
1
28
1
podium
6
4
2
partie 141
poids
2
30
7
19
12
2
podium
1
6
3
partie 142
poids
30
15
3
30
4
12
podium
3
5
6
partie 143
poids
23
16
5
9
6
3
podium
3
5
6
partie 144
poids
20
2
15
5
15
29
podium
6
3
2
partie 145
poids
29
21
5
14
7
3
podium
6
3
5
partie 146
poids
3
4
23
27
9
13
podium
6
5
1
partie 147
poids
3
30
30
8
4
8
podium
4
5
1
partie 148
poids
12
30
5
3
8
18
podium
3
4
1
partie 149
poids
16
21
12
1
14
1
podium
6
4
1
partie 150
poids
8
13
4
23
3
30
podium
4
2
1
partie 151
poids
9
5
28
3
25
12
podium
4
1
2
partie 152
poids
22
18
2
8
2
7
podium
5
6
4
partie 153
poids
6
7
2
5
26
21
podium
2
3
1
partie 154
poids
13
2
22
19
12
3
podium
2
6
5
partie 155
poids
27
26
8
3
14
1
podium
6
5
1
partie 156
poids
1
16
13
5
27
7
podium
6
1
4
partie 157
poids
7
30
3
21
3
12
podium
2
3
5
partie 158
poids
30
24
2
9
10
3
podium
3
6
4
partie 159
poids
27
4
1
6
26
13
podium
3
2
5
partie 160
poids
2
1
8
26
16
10
podium
2
6
1
partie 161
poids
27
2
5
18
10
13
podium
2
6
4
partie 162
poids
12
22
4
23
3
8
podium
1
3
6
partie 163
poids
26
3
15
22
13
4
podium
2
6
1
partie 164
poids
26
15
4
30
1
6
podium
5
2
3
partie 165
poids
21
1
13
6
30
1
podium
6
5
4
partie 166
poids
29
1
15
5
30
12
podium
2
3
6
partie 167
poids
4
30
4
6
22
13
podium
4
6
1
partie 168
poids
18
14
8
3
19
2
podium
4
6
5
partie 169
poids
29
5
3
9
13
27
podium
6
5
1
partie 170
poids
5
16
13
6
3
30
podium
5
3
6
partie 171
poids
19
3
15
12
20
1
podium
6
1
2
partie 172
poids
5
19
12
19
1
13
podium
5
4
2
partie 173
poids
7
5
18
21
6
1
podium
6
1
2
partie 174
poids
5
12
21
2
28
14
podium
4
1
3
partie 175
poids
3
19
1
18
10
13
podium
1
3
4
partie 176
poids
3
5
22
6
15
27
podium
2
1
4
partie 177
poids
29
6
5
19
13
4
podium
5
3
6
partie 178
poids
15
12
1
17
3
27
podium
3
1
4
partie 179
poids
8
5
4
16
12
25
podium
2
3
5
partie 180
poids
4
27
5
7
15
28
podium
5
4
1
partie 181
poids
4
15
7
23
4
25
podium
5
3
1
partie 182
poids
9
1
4
18
6
23
podium
2
1
3
partie 183
poids
1
13
9
19
17
5
podium
1
3
6
partie 184
poids
7
1
27
14
2
23
podium
2
5
6
partie 185
poids
17
29
4
1
8
10
podium
4
2
6
partie 186
poids
3
13
4
8
16
28
podium
4
3
1
partie 187
poids
9
22
3
3
15
24
podium
1
4
3
partie 188
poids
5
14
18
29
13
3
podium
2
1
5
partie 189
poids
12
2
7
17
4
22
podium
2
3
1
partie 190
poids
8
5
17
28
1
13
podium
5
6
3
partie 191
poids
10
8
24
3
25
3
podium
1
6
2
partie 192
poids
8
21
3
12
1
18
podium
5
6
3
partie 193
poids
5
3
13
19
20
8
podium
2
1
6
partie 194
poids
15
5
20
5
7
21
podium
1
2
3
partie 195
poids
23
10
5
22
3
9
podium
5
3
1
partie 196
poids
12
27
9
1
19
3
podium
6
4
2
partie 197
poids
5
12
30
9
2
27
podium
5
6
1
partie 198
poids
23
9
3
14
2
30
podium
4
5
2
partie 199
poids
17
6
8
3
3
29
podium
5
1
4
partie 200
poids
2
20
16
5
15
6
podium
1
5
6
partie 201
poids
15
20
4
23
5
9
podium
4
2
3
partie 202
poids
10
19
5
13
27
1
podium
6
3
1
partie 203
poids
8
2
15
30
28
4
podium
6
2
1
partie 204
poids
3
9
21
1
6
29
podium
5
3
2
partie 205
poids
2
6
12
29
2
17
podium
5
1
2
partie 206
poids
8
1
30
20
6
5
podium
6
2
4
partie 207
poids
6
27
1
19
2
15
podium
3
5
1
partie 208
poids
6
12
21
3
24
5
podium
2
4
1
partie 209
poids
7
1
4
16
26
15
podium
2
4
3
partie 210
poids
5
24
15
1
7
22
podium
1
4
5
partie 211
poids
30
24
2
5
13
14
podium
3
6
4
partie 212
poids
17
12
6
30
4
4
podium
5
6
3
partie 213
poids
5
4
10
8
24
23
podium
6
1
2
partie 214
poids
16
15
2
9
1
30
podium
5
3
4
partie 215
poids
12
17
1
1
9
24
podium
3
4
1
partie 216
poids
5
1
24
7
7
25
podium
4
2
5
partie 217
poids
2
13
12
4
21
29
podium
1
4
5
partie 218
poids
2
3
13
28
7
20
podium
2
6
1
partie 219
poids
13
12
23
18
5
5
podium
6
1
5
partie 220
poids
21
17
8
6
1
5
podium
5
4
3
partie 221
poids
8
30
3
15
5
30
podium
5
2
3
partie 222
poids
5
21
21
7
2
9
podium
1
5
6
partie 223
poids
30
14
3
15
2
16
podium
3
5
2
partie 224
poids
7
1
3
26
6
26
podium
2
3
5
partie 225
poids
20
2
25
3
8
15
podium
2
4
6
partie 226
poids
23
9
5
3
21
10
podium
3
4
2
partie 227
poids
16
21
5
12
7
3
podium
1
3
6
partie 228
poids
2
3
21
15
25
9
podium
1
6
5
partie 229
poids
19
3
4
12
14
26
podium
3
4
2
partie 230
poids
19
27
3
12
7
2
podium
6
3
2
partie 231
poids
23
13
2
27
5
8
podium
1
5
6
partie 232
poids
13
29
3
1
13
26
podium
4
6
5
partie 233
poids
14
30
3
1
14
28
podium
4
5
3
partie 234
poids
7
8
5
3
26
17
podium
3
2
1
partie 235
poids
29
27
5
15
10
4
podium
3
1
6
partie 236
poids
2
5
10
21
7
17
podium
2
4
1
partie 237
poids
24
4
27
8
7
4
podium
2
5
6
partie 238
poids
29
4
9
27
9
5
podium
2
6
5
partie 239
poids
13
27
13
2
5
26
podium
4
6
5
partie 240
poids
14
13
23
23
2
5
podium
6
5
3
partie 241
poids
3
6
30
17
6
2
podium
1
6
2
partie 242
poids
29
17
2
13
3
14
podium
6
5
3
partie 243
poids
6
29
22
2
3
12
podium
6
5
1
partie 244
poids
18
4
3
10
10
27
podium
3
2
1
partie 245
poids
1
20
29
4
7
8
podium
1
4
5
partie 246
poids
17
19
5
5
6
9
podium
1
2
3
partie 247
poids
14
1
16
14
1
23
podium
5
2
4
partie 248
poids
9
3
19
2
8
27
podium
6
1
4
partie 249
poids
4
21
30
10
3
10
podium
5
6
4
partie 250
poids
9
1
1
17
18
13
podium
2
3
5
partie 251
poids
1
27
12
20
3
12
podium
5
1
3
partie 252
poids
22
12
15
4
29
2
podium
3
4
6
partie 253
poids
22
10
6
23
5
2
podium
5
2
3
partie 254
poids
25
15
5
3
12
27
podium
4
5
3
partie 255
poids
1
1
30
17
8
13
podium
2
1
6
partie 256
poids
14
3
22
13
5
26
podium
2
5
3
partie 257
poids
15
3
16
2
12
21
podium
4
2
5
partie 258
poids
10
30
5
25
13
1
podium
6
3
1
partie 259
poids
12
1
5
21
30
7
podium
2
1
4
partie 260
poids
20
12
21
7
5
2
podium
6
4
5
partie 261
poids
12
4
26
1
9
19
podium
3
4
2
partie 262
poids
1
28
26
5
6
8
podium
5
1
6
partie 263
poids
17
4
14
8
19
3
podium
2
4
1
partie 264
poids
28
8
3
12
2
19
podium
5
3
1
partie 265
poids
5
20
15
5
18
7
podium
6
5
1
partie 266
poids
8
1
7
19
17
4
podium
2
3
4
partie 267
poids
4
30
7
1
23
8
podium
1
4
6
partie 268
poids
4
27
10
7
25
3
podium
1
5
3
partie 269
poids
4
15
26
13
20
3
podium
2
4
5
partie 270
poids
19
27
14
4
7
2
podium
4
5
6
partie 271
poids
3
14
17
7
26
5
podium
5
6
1
partie 272
poids
16
12
5
7
5
26
podium
5
3
6
partie 273
poids
6
5
1
15
18
22
podium
5
3
2
partie 274
poids
14
13
24
4
5
21
podium
5
1
3
partie 275
poids
14
7
27
1
29
3
podium
6
4
2
partie 276
poids
14
5
18
25
9
5
podium
6
5
1
partie 277
poids
30
14
2
3
18
14
podium
3
4
2
partie 278
poids
6
14
4
16
29
1
podium
3
6
2
partie 279
poids
3
12
24
14
22
1
podium
1
4
6
partie 280
poids
24
21
6
5
5
7
podium
3
4
5
partie 281
poids
24
12
2
28
5
13
podium
3
2
6
partie 282
poids
30
4
22
9
12
3
podium
6
5
4
partie 283
poids
3
5
8
13
17
21
podium
1
2
5
partie 284
poids
7
5
12
21
5
25
podium
2
5
3
partie 285
poids
5
14
14
2
20
21
podium
4
2
1
partie 286
poids
29
8
3
1
13
19
podium
5
4
1
partie 287
poids
10
14
5
27
2
27
podium
2
3
5
partie 288
poids
1
3
14
15
24
30
podium
1
2
5
partie 289
poids
28
15
6
19
4
1
podium
2
6
5
partie 290
poids
2
28
16
9
3
13
podium
1
5
4
partie 291
poids
24
3
14
19
1
7
podium
5
4
6
partie 292
poids
3
13
2
7
19
22
podium
3
1
4
partie 293
poids
15
3
10
1
20
25
podium
4
5
2
partie 294
poids
8
2
2
30
7
19
podium
3
2
5
partie 295
poids
30
6
5
7
21
1
podium
6
3
2
partie 296
poids
25
3
10
26
12
4
podium
5
2
1
partie 297
poids
13
30
4
13
29
5
podium
6
3
1
partie 298
poids
30
4
6
6
17
1
podium
6
2
3
partie 299
poids
3
27
19
14
2
10
podium
5
1
4
partie 300
poids
1
13
4
9
16
30
podium
4
5
1
partie 301
poids
27
2
13
4
9
24
podium
4
5
2
partie 302
poids
10
30
17
1
1
14
podium
3
5
4
partie 303
poids
21
5
24
13
12
1
podium
6
4
2
partie 304
poids
5
10
15
5
17
22
podium
3
4
1
partie 305
poids
30
2
5
15
10
26
podium
2
5
3
partie 306
poids
30
7
2
1
20
7
podium
4
3
5
partie 307
poids
14
3
15
20
1
26
podium
5
2
1
partie 308
poids
26
8
5
25
8
2
podium
1
4
3
partie 309
poids
25
4
10
1
27
9
podium
2
4
3
partie 310
poids
20
1
4
7
10
18
podium
2
3
5
partie 311
poids
3
2
22
30
15
10
podium
5
6
2
partie 312
poids
12
1
18
1
9
28
podium
6
2
4
partie 313
poids
9
30
5
29
1
6
podium
5
1
6
partie 314
poids
15
29
4
8
5
28
podium
5
3
1
partie 315
poids
12
2
14
3
22
30
podium
2
4
5
partie 316
poids
15
15
2
27
30
2
podium
6
3
2
partie 317
poids
6
29
2
3
16
12
podium
4
3
1
partie 318
poids
12
7
30
26
1
3
podium
5
2
1
partie 319
poids
14
23
2
3
9
29
podium
4
3
5
partie 320
poids
23
15
2
26
5
8
podium
3
5
6
partie 321
poids
30
19
9
3
2
7
podium
4
3
6
partie 322
poids
26
1
12
2
12
30
podium
2
4
6
partie 323
poids
28
4
27
1
14
15
podium
4
3
6
partie 324
poids
2
1
19
6
26
14
podium
2
1
4
partie 325
poids
14
12
26
3
4
25
podium
5
4
3
partie 326
poids
24
6
4
6
5
29
podium
2
4
5
partie 327
poids
7
4
27
12
28
5
podium
3
6
5
partie 328
poids
2
15
28
13
23
4
podium
2
1
6
partie 329
poids
4
5
13
9
30
26
podium
2
4
1
partie 330
poids
10
2
7
22
30
4
podium
6
1
2
partie 331
poids
30
13
21
2
10
5
podium
4
6
5
partie 332
poids
2
18
27
8
14
5
podium
1
6
5
partie 333
poids
21
7
17
1
2
12
podium
5
4
3
partie 334
poids
3
7
4
12
26
17
podium
1
4
6
partie 335
poids
20
6
1
28
2
12
podium
3
5
6
partie 336
poids
5
8
22
24
14
4
podium
2
6
3
partie 337
poids
30
4
4
10
8
30
podium
3
6
2
partie 338
poids
20
17
10
5
1
15
podium
1
5
6
partie 339
poids
5
2
20
10
13
21
podium
5
2
3
partie 340
poids
26
8
15
1
2
21
podium
4
3
1
partie 341
poids
3
9
28
5
17
14
podium
6
1
2
partie 342
poids
24
13
28
2
15
4
podium
4
3
2
partie 343
poids
14
22
3
27
5
10
podium
5
1
6
partie 344
poids
27
19
15
5
12
4
podium
4
6
5
partie 345
poids
24
7
5
1
9
20
podium
4
2
6
partie 346
poids
2
21
18
2
13
15
podium
4
5
1
partie 347
poids
12
30
1
20
15
2
podium
3
1
6
partie 348
poids
13
19
26
9
4
3
podium
4
1
6
partie 349
poids
1
12
27
2
10
20
podium
5
4
1
partie 350
poids
5
16
3
30
9
9
podium
6
3
5
partie 351
poids
1
21
4
8
17
7
podium
1
6
3
partie 352
poids
30
16
5
5
15
13
podium
5
4
6
partie 353
poids
16
26
9
2
4
8
podium
5
4
3
partie 354
poids
2
21
3
12
25
10
podium
1
3
4
partie 355
poids
8
1
21
9
2
21
podium
5
1
6
partie 356
poids
3
13
8
16
19
4
podium
1
3
6
partie 357
poids
12
4
1
19
19
15
podium
1
3
5
partie 358
poids
27
12
30
4
1
15
podium
5
4
1
partie 359
poids
19
28
1
15
3
14
podium
3
1
5
partie 360
poids
8
10
26
1
23
1
podium
6
4
2
partie 361
poids
1
15
5
10
25
16
podium
1
3
2
partie 362
poids
17
13
15
1
18
4
podium
4
2
6
partie 363
poids
2
2
10
23
12
19
podium
1
2
5
partie 364
poids
6
20
8
1
3
24
podium
4
5
1
partie 365
poids
8
23
29
4
6
1
podium
4
6
1
partie 366
poids
6
17
3
10
2
30
podium
5
3
1
partie 367
poids
4
18
10
1
9
24
podium
4
1
5
partie 368
poids
2
13
1
9
24
30
podium
1
2
3
partie 369
poids
8
14
3
19
25
2
podium
1
3
6
partie 370
poids
2
27
9
21
1
13
podium
5
4
1
partie 371
poids
21
24
4
10
7
5
podium
3
6
1
partie 372
poids
7
30
14
24
3
3
podium
6
5
4
partie 373
poids
23
2
15
2
19
12
podium
2
4
3
partie 374
poids
13
19
1
10
4
25
podium
5
3
1
partie 375
poids
9
26
17
4
4
12
podium
2
5
1
partie 376
poids
4
26
12
15
2
19
podium
5
6
1
partie 377
poids
17
9
2
13
19
2
podium
2
6
3
partie 378
poids
5
16
5
8
21
6
podium
3
6
1
partie 379
poids
4
14
16
3
7
19
podium
1
4
5
partie 380
poids
13
15
2
2
22
25
podium
4
3
2
partie 381
poids
8
25
14
1
29
1
podium
6
4
3
partie 382
poids
27
9
16
3
15
2
podium
4
6
1
partie 383
poids
10
12
23
2
2
21
podium
5
4
1
partie 384
poids
12
3
5
12
28
21
podium
4
3
1
partie 385
poids
9
19
2
18
3
8
podium
3
5
6
partie 386
poids
26
12
3
8
4
29
podium
3
5
1
partie 387
poids
15
30
4
2
26
12
podium
1
4
3
partie 388
poids
4
19
30
9
2
10
podium
6
4
5
partie 389
poids
13
6
3
16
5
22
podium
2
3
1
partie 390
poids
3
16
1
7
21
15
podium
3
1
6
partie 391
poids
6
30
1
16
1
15
podium
5
3
6
partie 392
poids
18
13
17
2
3
13
podium
3
4
5
partie 393
poids
22
19
9
7
5
5
podium
3
2
6
partie 394
poids
5
22
9
10
5
23
podium
5
6
1
partie 395
poids
7
4
21
29
5
13
podium
4
2
5
partie 396
poids
12
1
8
4
21
26
podium
2
6
4
partie 397
poids
2
10
22
7
18
5
podium
4
6
1
partie 398
poids
7
1
7
30
3
21
podium
2
3
4
partie 399
poids
5
21
5
18
9
8
podium
6
1
4
partie 400
poids
5
18
19
15
2
12
podium
4
5
1
partie 401
poids
25
15
5
8
2
26
podium
4
5
2
partie 402
poids
4
2
17
6
23
6
podium
2
4
6
partie 403
poids
12
1
13
29
21
3
podium
2
5
6
partie 404
poids
15
2
4
17
28
9
podium
2
6
3
partie 405
poids
24
12
2
13
22
1
podium
6
3
2
partie 406
poids
8
2
21
1
22
15
podium
3
2
4
partie 407
poids
22
8
15
18
1
4
podium
5
2
3
partie 408
poids
8
3
12
30
25
2
podium
5
6
2
partie 409
poids
2
9
2
21
6
18
podium
1
3
2
partie 410
poids
2
27
1
30
12
10
podium
4
3
1
partie 411
poids
2
4
8
9
16
29
podium
1
5
2
partie 412
poids
20
19
12
2
8
1
podium
1
6
4
partie 413
poids
4
15
9
29
2
30
podium
5
1
3
partie 414
poids
14
2
13
17
5
25
podium
2
3
5
partie 415
poids
26
1
7
14
30
3
podium
2
6
3
partie 416
poids
13
25
8
1
30
3
podium
6
4
3
partie 417
poids
1
6
18
4
16
15
podium
1
2
3
partie 418
poids
3
7
22
9
1
21
podium
1
5
6
partie 419
poids
10
29
4
17
7
5
podium
3
6
5
partie 420
poids
12
16
2
7
5
21
podium
4
6
3
partie 421
poids
4
21
15
9
1
20
podium
5
1
3
partie 422
poids
13
3
6
21
22
4
podium
1
6
3
partie 423
poids
5
15
29
15
26
5
podium
4
5
1
partie 424
poids
15
25
4
2
7
21
podium
3
4
1
partie 425
poids
9
4
26
3
28
10
podium
4
2
1
partie 426
poids
2
16
12
5
16
9
podium
1
5
2
partie 427
poids
12
19
3
5
10
30
podium
6
4
3
partie 428
poids
1
12
25
10
3
28
podium
1
5
3
partie 429
poids
30
10
30
4
12
2
podium
4
6
2
partie 430
poids
30
2
4
9
29
13
podium
2
4
3
partie 431
poids
29
2
28
13
9
2
podium
2
5
6
partie 432
poids
23
21
5
15
2
14
podium
5
3
4
partie 433
poids
16
7
1
21
2
8
podium
5
1
3
partie 434
poids
21
8
30
15
3
3
podium
2
6
5
partie 435
poids
29
1
13
13
2
19
podium
4
5
2
partie 436
poids
3
13
10
16
25
5
podium
1
2
6
partie 437
poids
7
12
5
3
18
25
podium
4
3
1
partie 438
poids
1
10
26
8
29
3
podium
1
2
6
partie 439
poids
22
1
10
3
7
26
podium
4
2
5
partie 440
poids
5
24
8
21
13
3
podium
4
5
6
partie 441
poids
3
29
27
12
8
5
podium
3
4
6
partie 442
poids
12
21
2
3
15
28
podium
3
4
2
partie 443
poids
24
22
15
5
15
2
podium
4
6
2
partie 444
poids
5
26
8
1
24
12
podium
6
4
1
partie 445
poids
12
2
15
24
3
17
podium
2
5
1
partie 446
poids
5
10
30
4
27
6
podium
4
6
1
partie 447
poids
1
21
3
9
13
29
podium
1
3
4
partie 448
poids
1
2
23
14
9
18
podium
1
2
4
partie 449
poids
30
6
13
26
2
5
podium
1
3
5
partie 450
poids
21
1
30
2
8
12
podium
4
2
6
partie 451
poids
9
1
28
15
5
30
podium
2
5
1
partie 452
poids
12
2
7
5
17
30
podium
3
6
2
partie 453
poids
22
1
12
1
27
10
podium
2
6
3
partie 454
poids
2
5
20
7
30
15
podium
1
6
3
partie 455
poids
15
3
3
30
17
9
podium
3
2
6
partie 456
poids
8
17
15
1
17
1
podium
4
6
1
partie 457
poids
2
29
8
23
13
1
podium
3
6
1
partie 458
poids
8
3
18
8
21
2
podium
2
1
5
partie 459
poids
6
29
2
30
10
3
podium
3
5
6
partie 460
poids
4
29
18
12
10
2
podium
5
1
4
partie 461
poids
30
8
4
20
13
4
podium
3
4
2
partie 462
poids
15
18
23
6
4
5
podium
2
6
1
partie 463
poids
26
13
2
20
9
4
podium
2
3
6
partie 464
poids
7
3
15
1
20
17
podium
5
4
2
partie 465
poids
1
4
29
27
15
7
podium
1
2
5
partie 466
poids
21
23
2
14
4
15
podium
5
3
2
partie 467
poids
17
13
3
4
14
22
podium
1
4
3
partie 468
poids
26
2
7
20
1
8
podium
2
1
5
partie 469
poids
19
10
9
28
1
3
podium
6
3
1
partie 470
poids
4
3
29
12
7
17
podium
6
4
1
partie 471
poids
7
24
4
9
4
18
podium
3
1
5
partie 472
poids
25
12
10
2
5
26
podium
5
2
4
partie 473
poids
1
2
21
23
8
8
podium
1
3
6
partie 474
poids
18
14
27
2
7
4
podium
2
4
6
partie 475
poids
1
8
27
12
3
25
podium
4
1
5
partie 476
poids
12
3
16
18
9
2
podium
2
6
1
partie 477
poids
30
21
4
1
12
8
podium
6
3
4
partie 478
poids
17
7
14
1
23
5
podium
4
6
2
partie 479
poids
23
3
13
14
1
21
podium
5
2
1
partie 480
poids
3
21
10
9
2
21
podium
1
5
6
partie 481
poids
7
2
1
26
6
18
podium
3
5
2
partie 482
poids
8
15
19
1
17
4
podium
4
3
6
partie 483
poids
5
24
10
12
5
22
podium
3
5
1
partie 484
poids
14
16
25
12
2
3
podium
6
5
3
partie 485
poids
3
7
28
3
24
12
podium
4
1
2
partie 486
poids
13
9
25
28
4
2
podium
6
5
2
partie 487
poids
18
1
12
3
15
26
podium
2
5
4
partie 488
poids
2
29
26
4
15
6
podium
1
2
3
partie 489
poids
27
2
30
9
5
6
podium
2
3
5
partie 490
poids
27
5
4
13
30
12
podium
5
3
6
partie 491
poids
5
21
6
2
13
26
podium
4
2
5
partie 492
poids
12
23
19
2
4
15
podium
4
3
5
partie 493
poids
6
15
3
29
18
1
podium
5
3
6
partie 494
poids
4
30
26
5
9
12
podium
1
2
4
partie 495
poids
3
12
24
5
9
28
podium
5
2
4
partie 496
poids
26
4
14
22
9
2
podium
6
4
2
partie 497
poids
15
29
1
3
27
13
podium
1
3
6
partie 498
poids
1
2
28
13
27
9
podium
1
3
2
partie 499
poids
12
24
8
5
28
3
podium
6
1
4
partie 500
poids
14
4
12
3
26
24
podium
6
4
2
partie 501
poids
15
22
28
2
9
4
podium
6
4
5
partie 502
poids
13
5
27
21
2
9
podium
5
6
2
partie 503
poids
15
7
3
3
16
26
podium
3
2
4
partie 504
poids
15
30
5
7
1
22
podium
5
3
4
partie 505
poids
29
5
7
19
15
4
podium
2
6
5
partie 506
poids
22
19
10
7
5
2
podium
6
3
5
partie 507
poids
17
5
2
27
9
7
podium
4
3
1
partie 508
poids
27
2
2
27
15
13
podium
3
2
5
partie 509
poids
5
19
16
2
8
14
podium
4
1
5
partie 510
poids
5
30
9
2
8
19
podium
4
1
3
partie 511
poids
1
15
19
21
2
14
podium
1
5
6
partie 512
poids
4
21
5
7
14
19
podium
4
1
2
partie 513
poids
22
1
10
23
3
14
podium
3
1
2
partie 514
poids
4
8
26
23
1
14
podium
5
1
3
partie 515
poids
23
16
4
14
15
3
podium
6
3
1
partie 516
poids
1
12
8
3
21
26
podium
6
1
4
partie 517
poids
17
10
5
16
6
4
podium
3
1
6
partie 518
poids
10
1
28
15
17
1
podium
6
2
5
partie 519
poids
21
4
13
2
14
21
podium
2
4
5
partie 520
poids
5
9
19
5
30
8
podium
4
1
6
partie 521
poids
30
15
8
17
4
3
podium
6
1
5
partie 522
poids
12
29
30
12
2
2
podium
6
5
4
partie 523
poids
3
18
10
2
17
13
podium
5
6
4
partie 524
poids
29
24
13
3
2
12
podium
4
5
6
partie 525
poids
8
14
30
26
4
2
podium
1
4
5
partie 526
poids
1
2
13
10
26
27
podium
1
3
2
partie 527
poids
21
1
27
10
6
5
podium
2
6
5
partie 528
poids
1
3
16
9
26
14
podium
2
1
3
partie 529
poids
8
8
17
1
30
5
podium
6
4
1
partie 530
poids
4
6
10
2
21
28
podium
6
3
2
partie 531
poids
4
12
19
26
4
15
podium
5
1
6
partie 532
poids
5
3
8
16
7
30
podium
2
1
5
partie 533
poids
29
1
9
2
6
21
podium
4
2
5
partie 534
poids
12
26
13
3
1
23
podium
5
3
4
partie 535
poids
27
21
14
3
3
9
podium
5
3
6
partie 536
poids
17
6
15
5
25
3
podium
2
4
6
partie 537
poids
3
10
21
4
22
13
podium
4
1
2
partie 538
poids
28
1
10
3
14
30
podium
2
4
3
partie 539
poids
4
2
27
28
14
7
podium
2
6
1
partie 540
poids
29
28
8
4
13
5
podium
3
4
5
partie 541
poids
19
6
17
2
4
6
podium
4
2
5
partie 542
poids
28
26
14
1
1
15
podium
5
6
4
partie 543
poids
7
2
15
4
28
16
podium
2
4
5
partie 544
poids
26
3
20
10
3
14
podium
5
2
4
partie 545
poids
17
27
4
4
14
15
podium
1
4
3
partie 546
poids
3
4
10
22
9
29
podium
2
6
1
partie 547
poids
2
12
8
2
18
28
podium
2
1
3
partie 548
poids
7
13
29
5
23
2
podium
4
6
2
partie 549
poids
30
2
10
21
5
12
podium
2
3
5
partie 550
poids
30
5
29
7
7
5
podium
6
4
2
partie 551
poids
15
13
17
23
1
1
podium
6
5
2
partie 552
poids
9
3
2
20
8
25
podium
4
1
2
partie 553
poids
4
9
13
28
4
25
podium
5
1
6
partie 554
poids
12
26
1
29
1
15
podium
3
5
1
partie 555
poids
21
3
17
4
12
15
podium
6
4
2
partie 556
poids
6
3
24
12
28
2
podium
6
1
2
partie 557
poids
13
1
3
18
24
7
podium
2
1
6
partie 558
poids
1
9
23
2
30
13
podium
4
1
6
partie 559
poids
19
27
4
3
14
7
podium
6
3
5
partie 560
poids
26
2
6
26
8
3
podium
6
2
5
partie 561
poids
2
2
26
6
30
9
podium
1
2
4
partie 562
poids
28
6
12
3
5
24
podium
4
5
2
partie 563
poids
15
4
26
29
15
1
podium
2
6
3
partie 564
poids
9
16
14
27
1
1
podium
5
6
2
partie 565
poids
8
3
18
14
19
3
podium
2
1
6
partie 566
poids
30
5
1
28
7
6
podium
6
3
1
partie 567
poids
28
14
3
5
20
7
podium
4
3
2
partie 568
poids
27
3
3
10
16
9
podium
6
2
3
partie 569
poids
19
5
9
17
2
6
podium
6
2
5
partie 570
poids
26
8
21
8
3
3
podium
4
2
6
partie 571
poids
4
20
15
8
22
1
podium
6
1
5
partie 572
poids
20
8
10
5
25
2
podium
2
1
6
partie 573
poids
18
24
1
10
8
1
podium
2
6
3
partie 574
poids
9
29
1
19
15
5
podium
6
3
1
partie 575
poids
2
26
4
30
14
15
podium
5
3
1
partie 576
poids
2
17
15
6
1
26
podium
5
1
3
partie 577
poids
15
4
13
26
22
1
podium
6
5
1
partie 578
poids
1
18
16
14
14
5
podium
6
1
4
partie 579
poids
12
27
4
30
2
14
podium
5
3
1
partie 580
poids
3
13
28
24
2
10
podium
2
1
5
partie 581
poids
3
30
4
30
8
8
podium
4
3
1
partie 582
poids
29
25
7
6
3
1
podium
6
5
4
partie 583
poids
2
9
16
21
8
3
podium
2
1
6
partie 584
poids
26
6
1
21
2
13
podium
3
5
2
partie 585
poids
2
26
5
10
21
8
podium
1
3
4
partie 586
poids
22
12
2
1
13
18
podium
4
2
3
partie 587
poids
24
1
1
8
12
30
podium
3
2
6
partie 588
poids
13
15
3
25
2
26
podium
5
3
1
partie 589
poids
4
22
13
5
29
7
podium
1
4
6
partie 590
poids
23
1
15
3
14
25
podium
4
5
2
partie 591
poids
2
14
16
9
2
30
podium
1
2
5
partie 592
poids
5
28
12
2
27
9
podium
1
4
2
partie 593
poids
4
10
8
21
23
1
podium
2
6
1
partie 594
poids
3
24
7
4
22
6
podium
5
1
4
partie 595
poids
9
4
2
12
16
24
podium
2
3
6
partie 596
poids
26
30
3
1
8
7
podium
4
5
2
partie 597
poids
29
3
4
6
22
15
podium
2
3
4
partie 598
poids
4
21
28
2
14
6
podium
1
5
2
partie 599
poids
19
12
2
3
24
10
podium
3
4
2
partie 600
poids
13
3
12
2
24
18
podium
2
3
4
partie 601
poids
20
22
3
1
10
9
podium
4
3
6
partie 602
poids
10
22
12
25
1
1
podium
5
6
4
partie 603
poids
2
15
8
17
3
27
podium
1
6
5
partie 604
poids
13
30
1
8
2
22
podium
4
3
1
partie 605
poids
21
21
10
14
2
3
podium
4
6
5
partie 606
poids
12
5
2
30
13
30
podium
3
2
1
partie 607
poids
4
4
27
10
28
10
podium
1
3
6
partie 608
poids
8
5
14
3
16
22
podium
4
2
3
partie 609
poids
20
10
4
25
12
1
podium
2
6
4
partie 610
poids
28
19
13
6
3
1
podium
4
6
2
partie 611
poids
5
7
5
16
15
27
podium
3
6
5
partie 612
poids
15
28
1
6
28
3
podium
2
3
4
partie 613
poids
20
6
2
3
30
13
podium
4
3
5
partie 614
poids
21
16
8
2
15
3
podium
3
2
4
partie 615
poids
13
20
30
6
3
4
podium
6
5
2
partie 616
poids
7
12
5
16
2
30
podium
5
1
3
partie 617
poids
3
19
4
15
16
13
podium
3
1
6
partie 618
poids
1
8
21
12
3
26
podium
1
5
2
partie 619
poids
26
13
9
1
16
3
podium
4
5
1
partie 620
poids
25
4
15
26
2
12
podium
5
1
2
partie 621
poids
10
23
2
3
13
26
podium
4
5
1
partie 622
poids
22
9
14
3
3
28
podium
5
4
1
partie 623
poids
1
8
23
5
13
26
podium
1
4
2
partie 624
poids
7
2
18
8
21
2
podium
6
2
5
partie 625
poids
3
21
24
9
15
3
podium
1
5
2
partie 626
poids
16
28
7
4
6
1
podium
6
3
5
partie 627
poids
13
9
2
2
17
23
podium
4
2
3
partie 628
poids
5
20
30
12
10
2
podium
6
1
5
partie 629
poids
5
21
7
29
4
7
podium
5
3
2
partie 630
poids
13
27
28
15
2
1
podium
6
5
1
partie 631
poids
7
3
12
21
2
30
podium
2
4
5
partie 632
poids
21
14
8
3
20
1
podium
6
3
4
partie 633
poids
14
1
12
26
28
1
podium
6
2
3
partie 634
poids
2
26
12
8
23
1
podium
1
6
3
partie 635
poids
16
3
8
25
14
3
podium
6
2
3
partie 636
poids
1
3
12
6
25
28
podium
1
2
3
partie 637
poids
2
12
19
8
20
1
podium
4
6
1
partie 638
poids
23
2
13
4
30
12
podium
4
6
1
partie 639
poids
3
8
8
3
30
20
podium
1
3
4
partie 640
poids
23
4
3
8
26
14
podium
6
2
3
partie 641
poids
5
1
14
17
20
7
podium
5
1
2
partie 642
poids
19
7
1
2
6
20
podium
3
6
4
partie 643
poids
12
4
14
30
1
28
podium
5
4
2
partie 644
poids
5
10
16
6
30
5
podium
6
4
2
partie 645
poids
7
13
19
3
16
2
podium
4
6
5
partie 646
poids
6
1
19
4
6
16
podium
2
4
5
partie 647
poids
5
24
16
15
4
9
podium
2
4
5
partie 648
poids
1
7
28
1
13
19
podium
1
4
2
partie 649
poids
3
15
13
30
1
30
podium
5
1
3
partie 650
poids
10
5
22
5
8
28
podium
2
4
3
partie 651
poids
22
5
7
6
2
18
podium
2
5
3
partie 652
poids
21
25
1
7
13
1
podium
3
6
5
partie 653
poids
4
26
27
7
7
5
podium
1
6
5
partie 654
poids
3
4
8
20
8
20
podium
2
5
1
partie 655
poids
2
18
6
12
3
24
podium
5
6
1
partie 656
poids
30
16
8
5
4
8
podium
3
5
6
partie 657
poids
29
14
3
22
15
2
podium
6
3
4
partie 658
poids
6
30
18
2
7
3
podium
4
1
5
partie 659
poids
10
12
1
1
20
17
podium
3
6
4
partie 660
poids
8
8
3
21
29
2
podium
3
5
6
partie 661
poids
4
1
14
18
9
24
podium
3
2
6
partie 662
poids
3
25
19
4
15
15
podium
6
4
1
partie 663
poids
2
26
25
2
7
14
podium
4
1
5