partie 1
poids
10
19
1
3
20
13
podium
3
4
6
partie 2
poids
1
21
7
27
12
4
podium
1
6
5
partie 3
poids
3
20
12
4
24
6
podium
1
3
2
partie 4
poids
1
15
23
27
1
10
podium
5
1
6
partie 5
poids
13
5
19
27
4
6
podium
5
6
2
partie 6
poids
4
13
4
10
30
18
podium
1
3
4
partie 7
poids
2
2
6
14
21
27
podium
2
1
3
partie 8
poids
30
3
10
25
13
1
podium
6
2
3
partie 9
poids
3
7
3
12
16
20
podium
5
3
2
partie 10
poids
18
17
2
12
3
10
podium
3
6
5
partie 11
poids
27
30
12
2
5
14
podium
5
4
3
partie 12
poids
12
3
3
25
7
21
podium
3
5
2
partie 13
poids
16
3
18
4
10
6
podium
3
6
4
partie 14
poids
13
9
28
1
4
25
podium
4
2
3
partie 15
poids
30
3
5
21
8
10
podium
3
2
1
partie 16
poids
6
30
15
2
27
1
podium
4
6
1
partie 17
poids
4
17
10
3
30
12
podium
4
1
3
partie 18
poids
3
6
30
3
12
16
podium
4
1
5
partie 19
poids
26
2
10
22
1
7
podium
5
4
3
partie 20
poids
3
25
3
7
7
23
podium
3
4
6
partie 21
poids
3
15
22
25
5
13
podium
1
6
5
partie 22
poids
26
1
4
15
21
13
podium
5
2
1
partie 23
poids
29
15
14
28
3
4
podium
6
5
1
partie 24
poids
13
1
2
23
20
12
podium
2
3
5
partie 25
poids
15
12
16
2
3
30
podium
4
2
5
partie 26
poids
27
28
12
4
7
2
podium
5
6
1
partie 27
poids
13
4
13
30
21
2
podium
6
4
1
partie 28
poids
5
9
26
1
19
10
podium
4
5
1
partie 29
poids
24
30
13
13
3
3
podium
5
6
1
partie 30
poids
21
1
23
7
3
6
podium
5
2
1
partie 31
poids
24
2
16
12
15
5
podium
2
6
1
partie 32
poids
10
8
24
21
3
2
podium
6
3
5
partie 33
poids
5
30
5
23
15
14
podium
1
5
3
partie 34
poids
1
13
2
22
7
20
podium
1
2
3
partie 35
poids
4
22
1
6
6
25
podium
1
3
6
partie 36
poids
13
12
26
2
25
1
podium
6
4
1
partie 37
poids
4
8
28
20
12
3
podium
6
1
4
partie 38
poids
18
3
14
25
10
1
podium
5
6
2
partie 39
poids
28
2
12
4
8
27
podium
2
4
1
partie 40
poids
15
21
27
2
5
13
podium
5
1
4
partie 41
poids
22
1
7
14
20
1
podium
6
2
1
partie 42
poids
1
7
9
4
30
18
podium
1
3
4
partie 43
poids
8
22
5
17
5
12
podium
5
1
6
partie 44
poids
15
5
26
22
1
9
podium
5
4
2
partie 45
poids
4
26
5
15
23
8
podium
3
5
6
partie 46
poids
24
2
30
14
4
7
podium
5
2
4
partie 47
poids
3
7
4
15
21
29
podium
1
3
2
partie 48
poids
24
5
7
9
30
1
podium
6
2
5
partie 49
poids
29
7
20
15
5
2
podium
6
5
2
partie 50
poids
8
23
9
1
25
5
podium
4
3
6
partie 51
poids
4
27
1
26
13
10
podium
3
1
4
partie 52
poids
19
8
5
26
12
2
podium
6
5
3
partie 53
poids
7
5
21
27
14
3
podium
1
6
2
partie 54
poids
5
21
3
15
9
16
podium
6
3
1
partie 55
poids
13
19
15
5
2
28
podium
3
4
6
partie 56
poids
8
4
29
15
1
23
podium
5
2
4
partie 57
poids
3
22
12
5
10
27
podium
5
1
6
partie 58
poids
24
7
1
7
28
4
podium
3
2
4
partie 59
poids
6
7
2
30
4
22
podium
3
5
1
partie 60
poids
16
4
13
13
5
19
podium
2
1
6
partie 61
poids
16
2
5
21
15
14
podium
3
4
2
partie 62
poids
16
10
6
3
23
3
podium
6
4
3
partie 63
poids
3
22
8
12
2
18
podium
4
3
5
partie 64
poids
1
14
9
20
3
20
podium
1
3
5
partie 65
poids
30
9
4
9
5
19
podium
3
6
5
partie 66
poids
3
15
30
4
14
18
podium
5
1
4
partie 67
poids
28
2
6
7
1
25
podium
4
2
5
partie 68
poids
2
13
30
5
14
21
podium
6
4
5
partie 69
poids
12
16
1
6
25
5
podium
3
6
4
partie 70
poids
1
30
3
27
7
9
podium
3
1
4
partie 71
poids
14
4
19
12
17
2
podium
1
6
2
partie 72
poids
26
4
4
26
13
12
podium
2
6
5
partie 73
poids
13
2
14
22
1
26
podium
5
3
2
partie 74
poids
14
3
13
1
23
26
podium
4
3
2
partie 75
poids
5
8
10
20
2
20
podium
2
5
1
partie 76
poids
5
10
13
18
16
3
podium
6
2
3
partie 77
poids
27
20
5
8
3
9
podium
2
5
3
partie 78
poids
5
25
4
6
22
9
podium
1
3
4
partie 79
poids
23
22
6
15
2
2
podium
6
5
3
partie 80
poids
3
20
5
6
13
16
podium
4
5
1
partie 81
poids
5
9
3
17
26
10
podium
5
2
3
partie 82
poids
3
14
27
5
10
22
podium
1
5
4
partie 83
poids
13
30
3
21
7
5
podium
1
6
3
partie 84
poids
30
10
28
2
1
12
podium
5
4
6
partie 85
poids
2
19
1
14
12
28
podium
1
3
2
partie 86
poids
5
10
17
30
4
7
podium
3
1
6
partie 87
poids
1
8
27
30
9
1
podium
1
5
6
partie 88
poids
21
2
20
6
1
15
podium
5
2
6
partie 89
poids
21
13
2
7
2
25
podium
5
3
2
partie 90
poids
7
16
28
15
5
1
podium
6
4
2
partie 91
poids
1
8
19
3
17
10
podium
1
4
6
partie 92
poids
7
4
17
6
3
19
podium
5
1
2
partie 93
poids
2
26
12
3
10
22
podium
4
5
2
partie 94
poids
26
2
5
27
14
10
podium
5
6
2
partie 95
poids
13
3
18
30
1
12
podium
5
4
1
partie 96
poids
13
3
28
10
1
21
podium
5
4
2
partie 97
poids
7
29
24
7
1
4
podium
5
6
4
partie 98
poids
8
2
2
22
14
18
podium
5
2
3
partie 99
poids
4
8
22
3
18
15
podium
2
4
1
partie 100
poids
2
22
12
13
1
27
podium
4
5
6
partie 101
poids
2
16
18
15
7
4
podium
1
2
5
partie 102
poids
4
30
27
10
3
6
podium
6
1
5
partie 103
poids
1
19
6
3
14
24
podium
1
4
3
partie 104
poids
8
3
27
13
2
18
podium
5
3
2
partie 105
poids
13
22
16
3
5
14
podium
1
4
6
partie 106
poids
5
1
22
6
22
15
podium
1
2
4
partie 107
poids
1
21
12
3
15
22
podium
1
4
6
partie 108
poids
4
3
28
14
13
23
podium
5
1
3
partie 109
poids
13
5
13
24
18
2
podium
2
6
3
partie 110
poids
6
13
26
1
26
2
podium
1
5
2
partie 111
poids
10
7
26
22
2
3
podium
6
5
4
partie 112
poids
2
6
30
1
21
8
podium
4
1
6
partie 113
poids
24
2
15
14
4
25
podium
2
5
1
partie 114
poids
3
26
19
12
3
13
podium
1
5
4
partie 115
poids
15
26
8
24
1
4
podium
1
5
3
partie 116
poids
24
12
4
3
10
30
podium
1
4
3
partie 117
poids
1
6
4
22
23
15
podium
3
1
5
partie 118
poids
28
30
14
3
1
6
podium
5
4
3
partie 119
poids
25
27
5
13
2
7
podium
5
3
6
partie 120
poids
3
14
4
24
15
30
podium
1
2
3
partie 121
poids
4
21
30
6
14
4
podium
4
1
6
partie 122
poids
14
2
3
26
18
6
podium
6
4
2
partie 123
poids
1
29
15
22
15
4
podium
1
6
3
partie 124
poids
12
30
2
26
15
4
podium
1
3
6
partie 125
poids
30
13
1
17
4
12
podium
5
3
6
partie 126
poids
6
5
29
3
20
12
podium
4
1
3
partie 127
poids
21
15
7
2
2
17
podium
5
3
4
partie 128
poids
5
29
2
7
30
12
podium
4
3
1
partie 129
poids
27
25
12
5
2
13
podium
1
3
4
partie 130
poids
30
2
3
13
29
8
podium
4
3
2
partie 131
poids
18
4
13
17
7
4
podium
5
6
4
partie 132
poids
1
15
25
30
1
9
podium
1
5
6
partie 133
poids
25
3
18
9
10
2
podium
6
3
2
partie 134
poids
27
8
5
12
22
4
podium
6
2
3
partie 135
poids
2
2
15
18
12
19
podium
1
2
5
partie 136
poids
17
27
2
8
3
10
podium
3
6
5
partie 137
poids
5
5
18
15
22
9
podium
3
5
2
partie 138
poids
2
27
24
7
12
5
podium
1
6
4
partie 139
poids
1
20
10
12
19
1
podium
6
1
3
partie 140
poids
5
6
9
19
5
24
podium
5
6
1
partie 141
poids
19
3
22
2
12
7
podium
4
2
5
partie 142
poids
13
1
2
12
29
27
podium
3
2
4
partie 143
poids
7
9
24
2
3
26
podium
4
5
2
partie 144
poids
3
27
9
22
2
15
podium
3
1
4
partie 145
poids
16
12
2
2
23
6
podium
3
4
1
partie 146
poids
13
10
24
1
19
2
podium
1
6
4
partie 147
poids
10
4
1
17
28
6
podium
3
1
2
partie 148
poids
1
23
8
7
16
5
podium
1
4
5
partie 149
poids
4
26
27
5
6
15
podium
5
1
4
partie 150
poids
2
30
29
1
6
15
podium
4
1
2
partie 151
poids
26
1
6
5
12
23
podium
2
4
5
partie 152
poids
19
13
1
3
9
22
podium
3
4
2
partie 153
poids
12
12
3
30
24
5
podium
4
3
6
partie 154
poids
8
3
24
23
2
8
podium
5
1
6
partie 155
poids
1
15
20
24
5
7
podium
1
5
2
partie 156
poids
3
19
6
6
24
1
podium
6
4
5
partie 157
poids
17
6
16
9
1
4
podium
5
2
6
partie 158
poids
8
6
29
2
20
4
podium
2
4
6
partie 159
poids
12
28
20
8
2
3
podium
6
5
2
partie 160
poids
1
17
4
22
12
9
podium
1
3
6
partie 161
poids
3
12
5
21
6
30
podium
4
1
2
partie 162
poids
30
13
4
24
5
9
podium
1
5
6
partie 163
poids
2
21
8
6
5
22
podium
5
3
1
partie 164
poids
21
3
15
5
18
14
podium
2
4
6
partie 165
poids
10
5
24
4
19
9
podium
1
2
4
partie 166
poids
12
6
2
5
20
21
podium
1
4
2
partie 167
poids
3
6
30
10
18
4
podium
2
6
1
partie 168
poids
29
5
8
4
22
15
podium
2
4
3
partie 169
poids
21
5
1
14
20
13
podium
3
2
5
partie 170
poids
23
10
2
9
25
1
podium
2
6
4
partie 171
poids
22
4
7
5
13
17
podium
2
1
5
partie 172
poids
7
16
2
5
15
22
podium
3
2
5
partie 173
poids
13
5
20
6
4
24
podium
6
2
5
partie 174
poids
10
1
17
20
15
1
podium
6
2
1
partie 175
poids
3
2
22
10
13
29
podium
2
1
3
partie 176
poids
22
28
2
4
7
14
podium
4
1
5
partie 177
poids
3
13
27
8
27
3
podium
6
1
5
partie 178
poids
30
27
7
1
1
7
podium
4
5
6
partie 179
poids
3
17
12
5
8
25
podium
5
2
4
partie 180
poids
26
8
6
1
3
16
podium
2
4
5
partie 181
poids
15
1
12
21
20
2
podium
2
6
5
partie 182
poids
17
28
10
5
13
3
podium
6
3
5
partie 183
poids
13
10
18
5
30
2
podium
4
6
1
partie 184
poids
20
30
13
3
9
3
podium
4
6
3
partie 185
poids
26
2
7
1
8
23
podium
2
4
3
partie 186
poids
1
14
18
30
4
9
podium
1
6
5
partie 187
poids
10
17
17
12
4
5
podium
2
1
6
partie 188
poids
2
2
15
30
14
22
podium
2
1
3
partie 189
poids
2
2
8
23
29
10
podium
1
2
3
partie 190
poids
5
5
26
13
7
27
podium
2
3
6
partie 191
poids
2
1
30
12
29
12
podium
1
2
3
partie 192
poids
2
8
26
6
27
5
podium
2
1
6
partie 193
poids
14
28
1
3
8
19
podium
4
3
1
partie 194
poids
15
22
2
27
4
8
podium
3
6
5
partie 195
poids
3
1
9
13
28
30
podium
2
3
1
partie 196
poids
9
5
14
28
30
3
podium
6
1
3
partie 197
poids
8
6
4
22
23
5
podium
1
3
2
partie 198
poids
3
21
13
3
24
7
podium
4
5
1
partie 199
poids
28
3
29
6
5
13
podium
4
3
2
partie 200
poids
7
4
10
24
30
4
podium
2
3
6
partie 201
poids
8
26
15
5
22
4
podium
2
6
1
partie 202
poids
7
3
28
12
28
5
podium
6
2
1
partie 203
poids
3
1
13
25
8
17
podium
1
2
4
partie 204
poids
13
22
15
28
3
4
podium
5
6
1
partie 205
poids
5
7
22
7
29
3
podium
1
3
4
partie 206
poids
7
5
15
16
2
21
podium
6
3
5
partie 207
poids
5
13
29
4
28
10
podium
2
1
4
partie 208
poids
16
2
6
7
25
4
podium
6
2
3
partie 209
poids
10
15
4
22
30
4
podium
3
1
2
partie 210
poids
17
4
9
21
10
1
podium
6
2
1
partie 211
poids
29
2
28
15
4
10
podium
2
6
4
partie 212
poids
5
14
27
26
8
5
podium
5
3
6
partie 213
poids
30
16
5
10
2
10
podium
5
6
3
partie 214
poids
2
8
4
20
10
17
podium
1
3
6
partie 215
poids
26
14
1
12
5
20
podium
3
5
4
partie 216
poids
10
3
23
26
3
15
podium
5
2
6
partie 217
poids
15
16
3
4
9
26
podium
5
3
4
partie 218
poids
5
13
5
9
25
22
podium
1
4
3
partie 219
poids
4
15
6
5
26
19
podium
3
1
4
partie 220
poids
2
29
10
9
1
23
podium
5
1
2
partie 221
poids
26
30
10
5
14
1
podium
6
3
4
partie 222
poids
1
13
7
23
30
3
podium
1
6
2
partie 223
poids
13
30
8
1
2
26
podium
5
4
1
partie 224
poids
28
4
5
25
12
14
podium
2
4
3
partie 225
poids
2
15
17
7
3
26
podium
1
4
3
partie 226
poids
4
10
10
29
1
24
podium
5
1
3
partie 227
poids
28
7
3
13
2
28
podium
1
5
2
partie 228
poids
15
14
26
3
24
4
podium
4
6
2
partie 229
poids
30
5
10
26
6
2
podium
5
6
3
partie 230
poids
3
4
23
6
12
21
podium
3
2
1
partie 231
poids
3
1
21
7
29
14
podium
1
2
4
partie 232
poids
4
22
24
15
8
3
podium
1
6
2
partie 233
poids
4
18
14
2
28
12
podium
1
4
6
partie 234
poids
2
28
6
3
21
8
podium
3
1
4
partie 235
poids
3
10
29
16
1
12
podium
1
5
3
partie 236
poids
19
17
1
6
15
1
podium
6
3
4
partie 237
poids
3
9
19
1
23
13
podium
6
1
4
partie 238
poids
7
12
3
18
23
5
podium
6
3
1
partie 239
poids
4
13
17
6
21
3
podium
6
5
1
partie 240
poids
3
17
9
7
1
30
podium
5
2
1
partie 241
poids
20
17
7
5
1
13
podium
5
6
3
partie 242
poids
1
4
12
22
16
14
podium
1
3
5
partie 243
poids
26
8
4
2
21
8
podium
4
3
2
partie 244
poids
16
13
7
2
2
19
podium
5
4
3
partie 245
poids
20
15
26
2
12
3
podium
2
5
4
partie 246
poids
5
26
5
20
8
6
podium
5
6
1
partie 247
poids
30
5
7
27
4
8
podium
3
2
6
partie 248
poids
15
4
26
1
7
20
podium
4
2
5
partie 249
poids
12
6
2
21
28
4
podium
5
3
6
partie 250
poids
13
12
20
27
1
2
podium
5
6
2
partie 251
poids
8
24
4
21
13
1
podium
6
2
3
partie 252
poids
7
4
26
3
13
28
podium
1
5
4
partie 253
poids
6
25
17
10
4
3
podium
1
5
6
partie 254
poids
8
10
3
2
28
21
podium
3
1
4
partie 255
poids
26
3
30
1
8
15
podium
4
3
5
partie 256
poids
6
10
21
5
5
29
podium
2
4
3
partie 257
poids
10
5
27
4
9
20
podium
5
2
1
partie 258
poids
25
8
25
3
3
12
podium
2
4
5
partie 259
poids
22
13
9
23
1
4
podium
5
6
2
partie 260
poids
20
6
1
9
17
4
podium
3
6
4
partie 261
poids
25
13
4
28
2
12
podium
4
5
2
partie 262
poids
6
22
4
26
5
15
podium
6
5
3
partie 263
poids
1
22
2
14
21
13
podium
1
3
6
partie 264
poids
13
21
26
6
1
5
podium
6
5
4
partie 265
poids
19
5
12
30
3
15
podium
2
5
1
partie 266
poids
7
5
30
21
5
12
podium
2
5
6
partie 267
poids
27
24
3
6
5
8
podium
6
2
3
partie 268
poids
4
14
13
30
2
28
podium
5
1
2
partie 269
poids
26
8
2
3
14
26
podium
3
4
2
partie 270
poids
5
26
3
6
16
12
podium
2
4
3
partie 271
poids
21
3
14
24
4
8
podium
5
2
1
partie 272
poids
21
3
9
28
3
8
podium
1
2
5
partie 273
poids
1
26
14
6
30
1
podium
1
6
4
partie 274
poids
26
9
14
2
2
20
podium
4
5
3
partie 275
poids
21
4
8
8
28
1
podium
6
2
3
partie 276
poids
6
24
12
4
1
28
podium
5
1
6
partie 277
poids
2
13
27
8
3
21
podium
1
2
4
partie 278
poids
2
27
12
25
13
5
podium
6
1
4
partie 279
poids
6
26
7
3
1
30
podium
5
2
4
partie 280
poids
2
15
1
19
30
13
podium
3
1
6
partie 281
poids
2
22
9
4
25
7
podium
1
4
2
partie 282
poids
12
8
16
1
30
3
podium
6
4
2
partie 283
poids
22
13
1
7
28
1
podium
3
6
4
partie 284
poids
3
1
13
23
9
29
podium
3
1
2
partie 285
poids
25
4
15
1
30
6
podium
4
5
6
partie 286
poids
4
21
3
30
13
13
podium
6
3
4
partie 287
poids
8
19
8
21
1
3
podium
5
3
6
partie 288
poids
30
1
13
6
25
5
podium
2
1
4
partie 289
poids
8
4
13
19
5
30
podium
5
6
2
partie 290
poids
1
5
8
12
19
21
podium
2
1
4
partie 291
poids
2
5
6
22
26
15
podium
1
3
2
partie 292
poids
9
1
30
2
24
8
podium
2
4
6
partie 293
poids
17
6
28
8
4
5
podium
5
6
2
partie 294
poids
1
5
29
12
7
24
podium
1
5
4
partie 295
poids
15
27
16
1
14
5
podium
4
5
6
partie 296
poids
2
12
16
13
5
24
podium
5
2
1
partie 297
poids
2
24
17
14
4
10
podium
5
6
4
partie 298
poids
18
30
4
14
7
5
podium
3
6
4
partie 299
poids
1
30
12
7
26
3
podium
6
1
4
partie 300
poids
4
29
1
17
12
15
podium
3
1
6
partie 301
poids
2
13
16
3
23
13
podium
4
1
6
partie 302
poids
23
1
16
10
1
8
podium
2
5
6
partie 303
poids
5
1
13
28
15
26
podium
1
2
3
partie 304
poids
7
7
24
17
1
5
podium
5
1
2
partie 305
poids
4
18
13
15
27
3
podium
1
6
4
partie 306
poids
20
9
3
6
22
1
podium
6
2
5
partie 307
poids
3
24
8
10
28
5
podium
6
3
1
partie 308
poids
24
8
7
26
5
1
podium
3
5
6
partie 309
poids
4
15
1
23
8
25
podium
5
3
1
partie 310
poids
22
30
3
14
7
5
podium
5
3
6
partie 311
poids
29
1
6
27
1
12
podium
5
3
2
partie 312
poids
15
21
2
6
1
19
podium
5
6
3
partie 313
poids
13
28
9
21
4
5
podium
1
5
3
partie 314
poids
9
8
1
19
19
1
podium
2
6
3
partie 315
poids
3
17
10
17
12
2
podium
6
1
5
partie 316
poids
24
5
14
21
13
3
podium
2
1
3
partie 317
poids
15
13
23
5
20
4
podium
4
6
2
partie 318
poids
30
10
7
1
21
5
podium
4
3
6
partie 319
poids
12
5
21
5
8
21
podium
2
3
5
partie 320
poids
22
1
7
1
25
7
podium
2
4
5
partie 321
poids
14
3
25
2
12
29
podium
3
2
1
partie 322
poids
2
7
15
30
26
1
podium
1
6
2
partie 323
poids
9
3
23
3
17
9
podium
1
6
2
partie 324
poids
2
15
28
17
1
15
podium
1
6
5
partie 325
poids
5
15
15
2
27
19
podium
1
4
3
partie 326
poids
18
2
1
12
13
16
podium
3
2
1
partie 327
poids
4
9
15
1
20
26
podium
4
1
3
partie 328
poids
14
28
10
5
18
3
podium
6
4
5
partie 329
poids
1
8
1
16
10
24
podium
1
5
3
partie 330
poids
26
8
7
5
3
24
podium
4
2
3
partie 331
poids
1
21
1
19
8
10
podium
3
1
5
partie 332
poids
14
10
5
27
2
29
podium
5
3
2
partie 333
poids
10
18
4
7
29
3
podium
5
1
3
partie 334
poids
12
30
2
27
5
6
podium
3
5
1
partie 335
poids
6
23
13
24
5
3
podium
6
1
3
partie 336
poids
10
6
3
21
2
19
podium
3
5
2
partie 337
poids
10
18
4
16
2
13
podium
4
3
5
partie 338
poids
30
9
19
4
3
6
podium
1
4
6
partie 339
poids
28
28
3
12
9
2
podium
3
6
1
partie 340
poids
4
9
17
24
6
4
podium
6
4
2
partie 341
poids
10
2
30
13
1
22
podium
5
2
1
partie 342
poids
2
27
18
12
13
3
podium
4
1
6
partie 343
poids
2
1
30
10
12
26
podium
2
4
1
partie 344
poids
15
3
20
10
21
5
podium
1
6
4
partie 345
poids
9
28
12
4
22
4
podium
4
6
1
partie 346
poids
1
16
10
17
10
4
podium
1
6
2
partie 347
poids
17
6
1
3
13
18
podium
3
4
2
partie 348
poids
7
21
3
1
20
6
podium
4
3
1
partie 349
poids
5
21
2
12
15
26
podium
3
6
5
partie 350
poids
2
21
2
30
14
15
podium
1
6
3
partie 351
poids
23
3
14
6
29
4
podium
2
3
5
partie 352
poids
13
14
19
1
18
1
podium
6
4
3
partie 353
poids
2
9
27
25
12
4
podium
1
6
2
partie 354
poids
29
9
2
6
24
1
podium
3
6
2
partie 355
poids
30
2
16
2
8
9
podium
4
6
2
partie 356
poids
5
26
4
12
7
20
podium
1
6
3
partie 357
poids
9
15
2
26
24
2
podium
3
5
6
partie 358
poids
5
3
9
17
12
24
podium
2
5
1
partie 359
poids
4
12
1
13
21
22
podium
3
5
4
partie 360
poids
8
21
3
5
17
15
podium
1
2
6
partie 361
poids
2
13
27
3
15
26
podium
4
1
2
partie 362
poids
12
29
3
2
30
10
podium
4
3
1
partie 363
poids
12
5
20
21
7
4
podium
2
5
4
partie 364
poids
22
10
12
29
1
3
podium
6
5
1
partie 365
poids
5
23
8
8
17
3
podium
6
1
2
partie 366
poids
21
1
15
2
13
30
podium
2
4
1
partie 367
poids
10
17
21
3
3
13
podium
4
2
5
partie 368
poids
24
3
10
27
2
12
podium
5
6
2
partie 369
poids
4
15
17
6
2
27
podium
5
4
2
partie 370
poids
3
4
12
12
17
19
podium
1
4
2
partie 371
poids
8
3
30
1
28
7
podium
4
2
6
partie 372
poids
12
17
2
20
7
1
podium
6
1
3
partie 373
poids
26
13
10
24
3
2
podium
6
5
3
partie 374
poids
26
9
21
2
10
5
podium
4
2
6
partie 375
poids
26
4
21
12
8
3
podium
6
4
1
partie 376
poids
24
2
26
6
8
1
podium
6
2
5
partie 377
poids
18
6
10
5
3
26
podium
1
5
6
partie 378
poids
15
29
2
3
18
14
podium
4
3
1
partie 379
poids
8
25
1
12
2
22
podium
3
1
5
partie 380
poids
5
22
26
4
15
13
podium
4
1
5
partie 381
poids
30
4
9
23
5
8
podium
3
6
2
partie 382
poids
16
1
14
2
13
19
podium
2
4
1
partie 383
poids
10
6
17
5
29
2
podium
4
3
2
partie 384
poids
2
23
25
15
1
13
podium
3
1
5
partie 385
poids
1
30
7
1
17
12
podium
1
4
3
partie 386
poids
4
7
3
21
16
15
podium
3
5
2
partie 387
poids
22
12
2
19
5
8
podium
2
6
5
partie 388
poids
27
9
4
1
15
22
podium
1
4
2
partie 389
poids
19
28
1
13
8
5
podium
3
1
2
partie 390
poids
15
10
2
28
17
1
podium
3
6
2
partie 391
poids
21
29
4
3
9
7
podium
5
4
3
partie 392
poids
6
9
3
27
5
18
podium
3
5
1
partie 393
poids
2
4
10
28
15
24
podium
4
1
3
partie 394
poids
21
12
4
18
4
10
podium
3
5
2
partie 395
poids
28
3
5
19
7
8
podium
2
3
5
partie 396
poids
6
23
4
26
2
10
podium
3
1
5
partie 397
poids
27
6
4
30
12
3
podium
6
2
3
partie 398
poids
12
8
17
21
5
4
podium
2
3
6
partie 399
poids
20
23
9
1
14
2
podium
4
6
5
partie 400
poids
20
10
15
1
3
23
podium
5
4
2
partie 401
poids
19
10
1
16
5
13
podium
6
3
1
partie 402
poids
3
9
30
23
5
15
podium
1
5
6
partie 403
poids
14
19
2
23
5
6
podium
4
3
1
partie 404
poids
5
8
1
7
24
21
podium
3
1
2
partie 405
poids
3
4
20
6
28
7
podium
1
2
6
partie 406
poids
15
20
4
13
19
5
podium
6
2
3
partie 407
poids
15
10
1
2
17
19
podium
3
4
2
partie 408
poids
20
4
12
2
8
30
podium
2
4
3
partie 409
poids
1
15
4
20
30
6
podium
1
6
2
partie 410
poids
12
25
15
30
1
1
podium
6
5
2
partie 411
poids
15
21
26
8
2
3
podium
1
4
6
partie 412
poids
21
4
20
3
12
10
podium
5
4
2
partie 413
poids
22
10
8
5
22
1
podium
5
4
1
partie 416
poids
30
16
1
8
13
5
podium
6
3
2
partie 417
poids
15
12
16
1
21
2
podium
4
6
3
partie 418
poids
7
5
28
19
3
9
podium
1
5
6
partie 419
poids
16
4
9
5
16
10
podium
4
2
1
partie 420
poids
3
9
21
8
23
1
podium
6
1
2
partie 421
poids
14
20
2
9
20
3
podium
3
6
4
partie 422
poids
5
22
20
9
10
2
podium
4
1
3
partie 423
poids
28
6
12
2
1
19
podium
5
4
2
partie 424
poids
19
14
21
4
3
15
podium
5
4
2
partie 425
poids
1
20
13
23
13
4
podium
1
3
6
partie 426
poids
3
14
13
20
30
3
podium
3
1
6
partie 427
poids
28
6
29
13
2
2
podium
6
5
1
partie 428
poids
22
3
26
4
15
13
podium
3
4
6
partie 429
poids
1
26
29
3
12
12
podium
1
6
2
partie 430
poids
17
19
2
3
7
12
podium
4
3
6
partie 431
poids
22
6
1
4
26
7
podium
3
2
4
partie 432
poids
2
10
24
2
30
14
podium
4
2
1
partie 433
poids
27
15
16
5
3
12
podium
5
4
6
partie 434
poids
4
23
15
26
10
3
podium
6
1
2
partie 435
poids
21
13
5
2
28
9
podium
1
2
4
partie 436
poids
9
3
14
2
21
22
podium
4
1
2
partie 437
poids
8
23
5
21
14
3
podium
6
3
4
partie 438
poids
13
3
21
16
1
14
podium
5
4
6
partie 439
poids
4
2
6
24
14
20
podium
2
4
3
partie 440
poids
2
1
17
9
9
25
podium
2
5
1
partie 441
poids
26
13
1
15
21
4
podium
6
3
2
partie 442
poids
24
7
5
3
13
29
podium
4
6
2
partie 443
poids
1
20
1
9
14
16
podium
3
2
1
partie 444
poids
2
14
1
10
16
24
podium
3
1
5
partie 445
poids
21
25
4
4
6
8
podium
4
5
3
partie 446
poids
17
28
3
14
2
6
podium
6
3
5
partie 447
poids
24
10
5
3
14
23
podium
4
3
2
partie 448
poids
9
7
17
5
4
30
podium
5
4
3
partie 449
poids
3
7
1
30
12
16
podium
3
4
2
partie 450
poids
19
14
21
3
5
8
podium
3
4
6
partie 451
poids
21
1
6
16
12
3
podium
6
2
3
partie 452
poids
4
2
23
13
30
10
podium
1
2
4
partie 453
poids
21
3
10
3
19
6
podium
4
2
1
partie 454
poids
2
24
7
6
16
3
podium
4
1
2
partie 455
poids
15
30
26
13
2
2
podium
5
3
6
partie 456
poids
7
20
4
1
27
7
podium
4
6
1
partie 457
poids
24
5
14
18
3
13
podium
2
5
1
partie 458
poids
26
4
10
4
20
9
podium
4
6
2
partie 459
poids
30
13
27
15
2
1
podium
6
5
2
partie 460
poids
12
2
30
26
3
13
podium
2
5
6
partie 461
poids
16
7
30
5
13
1
podium
6
4
2
partie 462
poids
1
21
1
26
7
14
podium
1
3
5
partie 463
poids
7
16
28
2
15
2
podium
6
1
4
partie 464
poids
5
4
12
19
10
20
podium
2
1
3
partie 465
poids
13
2
18
29
14
4
podium
2
6
4
partie 466
poids
3
2
13
30
24
15
podium
1
2
5
partie 467
poids
23
1
12
5
8
26
podium
2
4
1
partie 468
poids
5
15
1
18
29
13
podium
2
3
1
partie 469
poids
15
19
3
17
1
6
podium
5
3
4
partie 470
poids
16
5
16
5
15
7
podium
1
4
6
partie 471
poids
15
17
14
2
19
5
podium
4
6
2
partie 472
poids
30
3
28
4
7
14
podium
4
2
6
partie 473
poids
2
26
4
14
9
18
podium
1
4
6
partie 474
poids
21
1
3
8
28
10
podium
3
6
4
partie 475
poids
1
2
26
6
7
29
podium
4
2
1
partie 476
poids
21
10
10
30
3
1
podium
6
5
3
partie 477
poids
7
7
21
23
5
4
podium
6
1
5
partie 478
poids
3
12
26
1
16
15
podium
6
4
1
partie 479
poids
14
6
28
4
4
24
podium
2
6
5
partie 480
poids
13
10
29
21
5
1
podium
4
5
6
partie 481
poids
2
14
1
20
13
29
podium
1
3
5
partie 482
poids
22
24
3
14
8
5
podium
5
1
6
partie 483
poids
1
3
14
8
27
30
podium
4
1
6
partie 484
poids
30
16
7
3
5
7
podium
6
4
5
partie 485
poids
8
1
12
21
3
24
podium
2
3
1
partie 486
poids
2
6
25
12
22
4
podium
4
2
1
partie 487
poids
6
14
17
3
18
2
podium
4
6
3
partie 488
poids
28
1
5
13
30
10
podium
2
3
1
partie 489
poids
4
3
23
13
18
15
podium
1
2
5
partie 490
poids
2
30
18
7
3
14
podium
5
2
1
partie 491
poids
29
5
4
8
12
30
podium
3
2
6
partie 492
poids
18
2
9
28
10
3
podium
2
1
6
partie 493
poids
5
14
16
15
22
4
podium
6
1
4
partie 494
poids
5
26
13
4
20
14
podium
1
4
6
partie 495
poids
22
13
12
5
18
4
podium
6
4
3
partie 496
poids
5
7
16
3
17
9
podium
4
1
6
partie 497
poids
5
15
3
30
26
14
podium
3
1
2
partie 498
poids
3
2
15
6
28
25
podium
6
2
3
partie 499
poids
18
24
13
2
4
7
podium
4
2
3
partie 500
poids
5
12
1
30
16
15
podium
1
3
2
partie 501
poids
16
3
5
14
15
21
podium
6
2
3
partie 502
poids
1
28
5
28
15
10
podium
6
1
5
partie 503
poids
30
2
29
13
4
8
podium
1
5
2
partie 504
poids
5
26
8
7
3
24
podium
1
4
5
partie 505
poids
9
18
5
7
2
19
podium
2
5
4
partie 506
poids
14
27
15
1
4
23
podium
4
5
1
partie 507
poids
12
2
20
30
8
2
podium
3
6
2
partie 508
poids
26
10
5
15
4
19
podium
2
3
4
partie 509
poids
13
2
1
25
15
30
podium
3
2
1
partie 510
poids
14
5
1
9
28
18
podium
3
2
1
partie 511
poids
4
26
12
9
2
29
podium
5
4
6
partie 512
poids
27
1
12
18
4
12
podium
5
2
6
partie 513
poids
29
2
12
18
15
1
podium
6
1
2
partie 514
poids
26
8
27
3
2
9
podium
4
2
5
partie 515
poids
2
20
15
21
6
3
podium
1
2
6
partie 516
poids
2
26
9
13
3
18
podium
1
3
5
partie 517
poids
20
25
2
8
10
3
podium
3
5
6
partie 518
poids
5
2
14
26
21
10
podium
6
2
1
partie 519
poids
24
15
13
4
3
30
podium
5
4
6
partie 520
poids
28
7
3
5
27
13
podium
2
3
4
partie 521
poids
2
15
12
24
4
23
podium
1
5
2
partie 522
poids
18
26
2
4
7
9
podium
3
4
5
partie 523
poids
13
19
9
24
3
1
podium
6
5
4
partie 524
poids
2
7
21
5
9
29
podium
5
2
4
partie 525
poids
2
22
5
12
23
10
podium
1
2
3
partie 526
poids
9
24
2
7
1
24
podium
5
4
3
partie 527
poids
6
9
1
25
2
30
podium
5
3
2
partie 528
poids
2
3
18
18
12
8
podium
2
1
3
partie 529
poids
15
24
2
3
15
17
podium
4
3
1
partie 530
poids
5
18
26
4
7
15
podium
6
5
2
partie 531
poids
15
6
2
2
21
30
podium
3
5
2
partie 532
poids
12
1
21
30
4
7
podium
2
1
5
partie 533
poids
2
8
18
30
1
10
podium
4
6
2
partie 534
poids
12
3
2
28
10
16
podium
3
1
2
partie 535
poids
16
4
3
9
12
20
podium
3
1
2
partie 536
poids
27
13
28
9
2
5
podium
5
4
6
partie 537
poids
1
22
8
27
6
3
podium
2
3
6
partie 538
poids
1
18
3
14
7
22
podium
1
6
3
partie 539
poids
29
1
6
10
16
4
podium
6
2
3
partie 540
poids
16
12
12
26
5
4
podium
5
2
4
partie 541
poids
6
28
1
19
5
12
podium
3
1
5
partie 542
poids
16
9
27
5
4
12
podium
2
4
5
partie 543
poids
13
2
12
5
20
30
podium
4
1
2
partie 544
poids
2
13
13
4
18
17
podium
4
1
3
partie 545
poids
22
23
9
2
8
5
podium
4
3
5
partie 546
poids
26
28
4
4
9
10
podium
3
4
1
partie 547
poids
16
17
1
6
5
12
podium
2
6
3
partie 548
poids
24
7
2
10
4
21
podium
4
3
5
partie 549
poids
2
8
30
10
25
4
podium
1
6
4
partie 550
poids
30
6
1
21
5
14
podium
5
3
6
partie 551
poids
9
2
30
15
2
25
podium
2
5
4
partie 552
poids
4
5
15
20
12
16
podium
6
5
3
partie 553
poids
1
12
20
27
8
3
podium
1
3
5
partie 554
poids
23
4
10
21
2
9
podium
5
2
1
partie 555
poids
15
17
27
3
1
9
podium
5
1
3
partie 556
poids
25
7
30
3
7
5
podium
2
6
4
partie 557
poids
18
3
6
1
12
19
podium
6
2
3
partie 558
poids
18
1
4
30
8
13
podium
2
3
5
partie 559
poids
2
2
29
12
7
19
podium
2
1
6
partie 560
poids
2
12
10
18
4
25
podium
3
2
5
partie 561
poids
27
13
5
13
16
5
podium
6
2
1
partie 562
poids
15
29
5
14
21
1
podium
6
4
3
partie 563
poids
23
4
7
1
8
25
podium
4
5
3
partie 564
poids
13
1
23
15
28
2
podium
2
6
5
partie 565
poids
30
1
12
26
15
1
podium
6
2
5
partie 566
poids
1
2
15
17
13
30
podium
1
2
3
partie 567
poids
28
3
24
7
6
1
podium
2
5
6
partie 568
poids
5
2
7
16
20
13
podium
2
3
1
partie 569
poids
4
16
15
1
14
30
podium
4
1
6
partie 570
poids
1
3
15
13
23
16
podium
1
3
4
partie 571
poids
5
6
21
21
2
12
podium
5
1
2
partie 572
poids
4
6
26
23
4
6
podium
2
1
4
partie 573
poids
10
19
8
2
21
4
podium
4
5
1
partie 574
poids
28
21
4
10
3
8
podium
4
3
6
partie 575
poids
30
9
18
15
5
3
podium
5
6
4
partie 576
poids
10
4
17
19
1
15
podium
5
1
3
partie 577
poids
18
8
1
30
14
4
podium
3
5
2
partie 578
poids
29
6
21
1
15
4
podium
6
4
2
partie 579
poids
13
4
14
21
16
1
podium
6
2
5
partie 580
poids
4
13
10
1
24
27
podium
4
1
2
partie 581
poids
5
12
2
25
26
9
podium
3
6
1
partie 582
poids
12
16
17
3
4
9
podium
2
4
5
partie 583
poids
4
21
23
10
1
12
podium
5
6
4
partie 584
poids
30
14
13
5
5
20
podium
3
6
4
partie 585
poids
19
16
3
15
3
15
podium
3
5
4
partie 586
poids
9
8
3
30
1
20
podium
5
2
3
partie 587
poids
3
1
21
13
12
30
podium
1
2
5
partie 588
poids
10
23
7
17
3
3
podium
3
6
1
partie 589
poids
10
30
5
26
3
7
podium
3
4
1
partie 590
poids
2
30
2
10
24
6
podium
3
1
4
partie 591
poids
5
18
14
4
20
12
podium
1
3
6
partie 592
poids
12
3
24
7
1
30
podium
5
2
4
partie 593
poids
2
21
9
1
13
24
podium
4
6
3
partie 594
poids
16
3
1
6
17
14
podium
3
2
4
partie 595
poids
9
8
2
21
1
23
podium
3
1
5
partie 596
poids
15
9
28
3
3
30
podium
4
5
2
partie 597
poids
4
8
29
20
14
2
podium
3
6
2
partie 598
poids
5
27
1
12
15
23
podium
3
1
4
partie 599
poids
14
8
17
5
1
22
podium
4
5
3
partie 600
poids
12
26
27
2
13
2
podium
4
6
3
partie 601
poids
3
25
8
14
21
5
podium
1
5
3
partie 602
poids
4
3
27
12
16
13
podium
1
5
2
partie 603
poids
14
9
3
26
2
30
podium
5
3
1
partie 604
poids
4
23
30
1
7
6
podium
4
5
6
partie 605
poids
19
20
1
6
1
12
podium
3
5
4
partie 606
poids
8
16
3
28
6
5
podium
1
6
5
partie 607
poids
1
23
13
13
3
18
podium
1
5
3
partie 608
poids
3
9
3
19
13
24
podium
5
1
3
partie 609
poids
4
22
3
6
28
7
podium
4
3
1
partie 610
poids
24
24
6
10
2
3
podium
5
4
6
partie 611
poids
5
26
12
2
13
25
podium
3
4
1
partie 612
poids
8
22
1
16
15
2
podium
3
6
5
partie 613
poids
12
25
2
3
22
13
podium
2
3
4
partie 614
poids
30
29
10
5
14
3
podium
6
1
3
partie 615
poids
5
7
26
12
23
4
podium
6
1
4